<?xml version="1.0" encoding="UTF-8"?>
<coverage generated="1779543941762" clover="3.2.0">
  <project timestamp="1779543941762" name="All files">
    <metrics statements="67" coveredstatements="67" conditionals="78" coveredconditionals="78" methods="18" coveredmethods="18" elements="163" coveredelements="163" complexity="0" loc="67" ncloc="67" packages="2" files="2" classes="2"/>
    <package name="src">
      <metrics statements="63" coveredstatements="63" conditionals="78" coveredconditionals="78" methods="17" coveredmethods="17"/>
      <file name="sobaOccupancyService.ts" path="C:\Users\DT User\Desktop\SIGrupa1\PROJEKAT\bolnicki-sistem\server\src\sobaOccupancyService.ts">
        <metrics statements="63" coveredstatements="63" conditionals="78" coveredconditionals="78" methods="17" coveredmethods="17"/>
        <line num="4" count="1" type="stmt"/>
        <line num="43" count="72" type="stmt"/>
        <line num="45" count="1" type="stmt"/>
        <line num="46" count="20" type="stmt"/>
        <line num="47" count="20" type="stmt"/>
        <line num="48" count="20" type="stmt"/>
        <line num="51" count="1" type="stmt"/>
        <line num="52" count="16" type="stmt"/>
        <line num="55" count="1" type="stmt"/>
        <line num="56" count="11" type="cond" truecount="4" falsecount="0"/>
        <line num="57" count="7" type="stmt"/>
        <line num="60" count="4" type="cond" truecount="2" falsecount="0"/>
        <line num="61" count="1" type="stmt"/>
        <line num="67" count="3" type="stmt"/>
        <line num="68" count="3" type="cond" truecount="4" falsecount="0"/>
        <line num="69" count="1" type="stmt"/>
        <line num="75" count="2" type="stmt"/>
        <line num="78" count="9" type="stmt"/>
        <line num="83" count="14" type="stmt"/>
        <line num="96" count="1" type="stmt"/>
        <line num="97" count="9" type="cond" truecount="5" falsecount="0"/>
        <line num="100" count="1" type="stmt"/>
        <line num="101" count="6" type="cond" truecount="3" falsecount="0"/>
        <line num="104" count="1" type="stmt"/>
        <line num="106" count="8" type="cond" truecount="3" falsecount="0"/>
        <line num="109" count="8" type="stmt"/>
        <line num="110" count="8" type="stmt"/>
        <line num="112" count="8" type="stmt"/>
        <line num="131" count="4" type="stmt"/>
        <line num="145" count="9" type="cond" truecount="2" falsecount="0"/>
        <line num="148" count="6" type="cond" truecount="4" falsecount="0"/>
        <line num="153" count="9" type="cond" truecount="2" falsecount="0"/>
        <line num="157" count="11" type="stmt"/>
        <line num="158" count="11" type="stmt"/>
        <line num="159" count="11" type="stmt"/>
        <line num="160" count="11" type="cond" truecount="2" falsecount="0"/>
        <line num="165" count="11" type="stmt"/>
        <line num="167" count="11" type="stmt"/>
        <line num="229" count="9" type="stmt"/>
        <line num="230" count="9" type="stmt"/>
        <line num="231" count="9" type="stmt"/>
        <line num="232" count="9" type="cond" truecount="2" falsecount="0"/>
        <line num="234" count="8" type="stmt"/>
        <line num="235" count="8" type="cond" truecount="2" falsecount="0"/>
        <line num="236" count="9" type="stmt"/>
        <line num="237" count="9" type="stmt"/>
        <line num="240" count="9" type="stmt"/>
        <line num="241" count="9" type="stmt"/>
        <line num="242" count="6" type="stmt"/>
        <line num="243" count="6" type="cond" truecount="2" falsecount="0"/>
        <line num="244" count="5" type="cond" truecount="4" falsecount="0"/>
        <line num="246" count="4" type="cond" truecount="2" falsecount="0"/>
        <line num="247" count="6" type="stmt"/>
        <line num="248" count="6" type="stmt"/>
        <line num="251" count="9" type="stmt"/>
        <line num="256" count="9" type="cond" truecount="2" falsecount="0"/>
        <line num="257" count="9" type="cond" truecount="2" falsecount="0"/>
        <line num="258" count="9" type="cond" truecount="2" falsecount="0"/>
        <line num="260" count="5" type="cond" truecount="2" falsecount="0"/>
        <line num="264" count="9" type="cond" truecount="2" falsecount="0"/>
        <line num="265" count="9" type="stmt"/>
        <line num="267" count="9" type="cond" truecount="4" falsecount="0"/>
        <line num="272" count="9" type="stmt"/>
      </file>
    </package>
    <package name="src.lib.__mocks__">
      <metrics statements="4" coveredstatements="4" conditionals="0" coveredconditionals="0" methods="1" coveredmethods="1"/>
      <file name="prisma.ts" path="C:\Users\DT User\Desktop\SIGrupa1\PROJEKAT\bolnicki-sistem\server\src\lib\__mocks__\prisma.ts">
        <metrics statements="4" coveredstatements="4" conditionals="0" coveredconditionals="0" methods="1" coveredmethods="1"/>
        <line num="7" count="1" type="stmt"/>
        <line num="10" count="1" type="stmt"/>
        <line num="12" count="1" type="stmt"/>
        <line num="13" count="11" type="stmt"/>
      </file>
    </package>
  </project>
</coverage>
