{"C:\\Users\\Kenan\\Desktop\\SI\\SIGrupa1\\PROJEKAT\\bolnicki-sistem\\server\\src\\emailService.ts": {"path":"C:\\Users\\Kenan\\Desktop\\SI\\SIGrupa1\\PROJEKAT\\bolnicki-sistem\\server\\src\\emailService.ts","statementMap":{"0":{"start":{"line":20,"column":14},"end":{"line":20,"column":49}},"1":{"start":{"line":21,"column":2},"end":{"line":21,"column":null}},"2":{"start":{"line":24,"column":20},"end":{"line":30,"column":2}},"3":{"start":{"line":38,"column":6},"end":{"line":38,"column":null}},"4":{"start":{"line":40,"column":27},"end":{"line":42,"column":4}},"5":{"start":{"line":44,"column":2},"end":{"line":107,"column":null}},"6":{"start":{"line":109,"column":2},"end":{"line":109,"column":null}},"7":{"start":{"line":115,"column":6},"end":{"line":115,"column":null}},"8":{"start":{"line":117,"column":2},"end":{"line":157,"column":null}},"9":{"start":{"line":159,"column":2},"end":{"line":159,"column":null}}},"fnMap":{"0":{"name":"formatVrijeme","decl":{"start":{"line":19,"column":9},"end":{"line":19,"column":23}},"loc":{"start":{"line":19,"column":48},"end":{"line":21,"column":null}},"line":19},"1":{"name":"posaljiPotvrdurezerv","decl":{"start":{"line":32,"column":22},"end":{"line":32,"column":43}},"loc":{"start":{"line":32,"column":90},"end":{"line":109,"column":null}},"line":32},"2":{"name":"posaljiPodsjetnik","decl":{"start":{"line":110,"column":23},"end":{"line":110,"column":41}},"loc":{"start":{"line":110,"column":88},"end":{"line":159,"column":null}},"line":110}},"branchMap":{"0":{"loc":{"start":{"line":56,"column":10},"end":{"line":59,"column":null}},"type":"cond-expr","locations":[{"start":{"line":56,"column":20},"end":{"line":59,"column":null}},{"start":{"line":59,"column":18},"end":{"line":59,"column":null}}],"line":56},"1":{"loc":{"start":{"line":82,"column":14},"end":{"line":86,"column":null}},"type":"cond-expr","locations":[{"start":{"line":82,"column":28},"end":{"line":86,"column":null}},{"start":{"line":86,"column":21},"end":{"line":86,"column":null}}],"line":82},"2":{"loc":{"start":{"line":87,"column":14},"end":{"line":91,"column":null}},"type":"cond-expr","locations":[{"start":{"line":87,"column":25},"end":{"line":91,"column":null}},{"start":{"line":91,"column":21},"end":{"line":91,"column":null}}],"line":87}},"s":{"0":22,"1":22,"2":1,"3":15,"4":15,"5":15,"6":14,"7":7,"8":7,"9":6},"f":{"0":22,"1":15,"2":7},"b":{"0":[1,14],"1":[1,14],"2":[1,14]},"meta":{"lastBranch":3,"lastFunction":3,"lastStatement":10,"seen":{"f:19:9:19:23":0,"s:20:14:20:49":0,"s:21:2:21:Infinity":1,"s:24:20:30:2":2,"f:32:22:32:43":1,"s:38:6:38:Infinity":3,"s:40:27:42:4":4,"s:44:2:107:Infinity":5,"b:56:20:59:Infinity:59:18:59:Infinity":0,"b:82:28:86:Infinity:86:21:86:Infinity":1,"b:87:25:91:Infinity:91:21:91:Infinity":2,"s:109:2:109:Infinity":6,"f:110:23:110:41":2,"s:115:6:115:Infinity":7,"s:117:2:157:Infinity":8,"s:159:2:159:Infinity":9}}}
,"C:\\Users\\Kenan\\Desktop\\SI\\SIGrupa1\\PROJEKAT\\bolnicki-sistem\\server\\src\\controllers\\doctorController.ts": {"path":"C:\\Users\\Kenan\\Desktop\\SI\\SIGrupa1\\PROJEKAT\\bolnicki-sistem\\server\\src\\controllers\\doctorController.ts","statementMap":{"0":{"start":{"line":8,"column":29},"end":{"line":45,"column":null}},"1":{"start":{"line":13,"column":2},"end":{"line":45,"column":null}},"2":{"start":{"line":14,"column":41},"end":{"line":14,"column":null}},"3":{"start":{"line":16,"column":20},"end":{"line":29,"column":6}},"4":{"start":{"line":32,"column":28},"end":{"line":41,"column":7}},"5":{"start":{"line":32,"column":48},"end":{"line":41,"column":7}},"6":{"start":{"line":43,"column":4},"end":{"line":43,"column":null}},"7":{"start":{"line":45,"column":4},"end":{"line":45,"column":null}},"8":{"start":{"line":53,"column":29},"end":{"line":77,"column":null}},"9":{"start":{"line":58,"column":2},"end":{"line":77,"column":null}},"10":{"start":{"line":59,"column":19},"end":{"line":68,"column":6}},"11":{"start":{"line":70,"column":4},"end":{"line":72,"column":null}},"12":{"start":{"line":71,"column":6},"end":{"line":71,"column":null}},"13":{"start":{"line":72,"column":6},"end":{"line":72,"column":null}},"14":{"start":{"line":75,"column":4},"end":{"line":75,"column":null}},"15":{"start":{"line":77,"column":4},"end":{"line":77,"column":null}},"16":{"start":{"line":86,"column":34},"end":{"line":103,"column":null}},"17":{"start":{"line":91,"column":2},"end":{"line":103,"column":null}},"18":{"start":{"line":92,"column":21},"end":{"line":99,"column":6}},"19":{"start":{"line":101,"column":4},"end":{"line":101,"column":null}},"20":{"start":{"line":103,"column":4},"end":{"line":103,"column":null}}},"fnMap":{"0":{"name":"(anonymous_0)","decl":{"start":{"line":8,"column":29},"end":{"line":8,"column":null}},"loc":{"start":{"line":12,"column":5},"end":{"line":45,"column":null}},"line":12},"1":{"name":"(anonymous_1)","decl":{"start":{"line":32,"column":36},"end":{"line":32,"column":41}},"loc":{"start":{"line":32,"column":48},"end":{"line":41,"column":7}},"line":32},"2":{"name":"(anonymous_2)","decl":{"start":{"line":53,"column":29},"end":{"line":53,"column":null}},"loc":{"start":{"line":57,"column":5},"end":{"line":77,"column":null}},"line":57},"3":{"name":"(anonymous_3)","decl":{"start":{"line":86,"column":34},"end":{"line":86,"column":null}},"loc":{"start":{"line":90,"column":5},"end":{"line":103,"column":null}},"line":90}},"branchMap":{"0":{"loc":{"start":{"line":18,"column":25},"end":{"line":20,"column":null}},"type":"cond-expr","locations":[{"start":{"line":19,"column":12},"end":{"line":19,"column":null}},{"start":{"line":20,"column":12},"end":{"line":20,"column":null}}],"line":18},"1":{"loc":{"start":{"line":21,"column":18},"end":{"line":21,"column":null}},"type":"cond-expr","locations":[{"start":{"line":21,"column":28},"end":{"line":21,"column":43}},{"start":{"line":21,"column":46},"end":{"line":21,"column":null}}],"line":21},"2":{"loc":{"start":{"line":70,"column":4},"end":{"line":72,"column":null}},"type":"if","locations":[{"start":{"line":70,"column":4},"end":{"line":72,"column":null}},{"start":{},"end":{}}],"line":70}},"s":{"0":1,"1":13,"2":13,"3":13,"4":12,"5":8,"6":12,"7":1,"8":1,"9":4,"10":4,"11":2,"12":1,"13":1,"14":1,"15":2,"16":1,"17":5,"18":5,"19":4,"20":1},"f":{"0":13,"1":8,"2":4,"3":5},"b":{"0":[6,7],"1":[6,7],"2":[1,1]},"meta":{"lastBranch":3,"lastFunction":4,"lastStatement":21,"seen":{"s:8:29:45:Infinity":0,"f:8:29:8:Infinity":0,"s:13:2:45:Infinity":1,"s:14:41:14:Infinity":2,"s:16:20:29:6":3,"b:19:12:19:Infinity:20:12:20:Infinity":0,"b:21:28:21:43:21:46:21:Infinity":1,"s:32:28:41:7":4,"f:32:36:32:41":1,"s:32:48:41:7":5,"s:43:4:43:Infinity":6,"s:45:4:45:Infinity":7,"s:53:29:77:Infinity":8,"f:53:29:53:Infinity":2,"s:58:2:77:Infinity":9,"s:59:19:68:6":10,"b:70:4:72:Infinity:undefined:undefined:undefined:undefined":2,"s:70:4:72:Infinity":11,"s:71:6:71:Infinity":12,"s:72:6:72:Infinity":13,"s:75:4:75:Infinity":14,"s:77:4:77:Infinity":15,"s:86:34:103:Infinity":16,"f:86:34:86:Infinity":3,"s:91:2:103:Infinity":17,"s:92:21:99:6":18,"s:101:4:101:Infinity":19,"s:103:4:103:Infinity":20}}}
,"C:\\Users\\Kenan\\Desktop\\SI\\SIGrupa1\\PROJEKAT\\bolnicki-sistem\\server\\src\\controllers\\reservationController.ts": {"path":"C:\\Users\\Kenan\\Desktop\\SI\\SIGrupa1\\PROJEKAT\\bolnicki-sistem\\server\\src\\controllers\\reservationController.ts","statementMap":{"0":{"start":{"line":8,"column":34},"end":{"line":104,"column":null}},"1":{"start":{"line":13,"column":2},"end":{"line":104,"column":null}},"2":{"start":{"line":14,"column":22},"end":{"line":14,"column":69}},"3":{"start":{"line":15,"column":21},"end":{"line":15,"column":67}},"4":{"start":{"line":16,"column":29},"end":{"line":16,"column":null}},"5":{"start":{"line":18,"column":6},"end":{"line":20,"column":34}},"6":{"start":{"line":21,"column":21},"end":{"line":21,"column":null}},"7":{"start":{"line":22,"column":20},"end":{"line":22,"column":null}},"8":{"start":{"line":23,"column":4},"end":{"line":25,"column":null}},"9":{"start":{"line":24,"column":6},"end":{"line":24,"column":null}},"10":{"start":{"line":25,"column":6},"end":{"line":25,"column":null}},"11":{"start":{"line":28,"column":21},"end":{"line":28,"column":47}},"12":{"start":{"line":29,"column":4},"end":{"line":31,"column":null}},"13":{"start":{"line":30,"column":6},"end":{"line":30,"column":null}},"14":{"start":{"line":31,"column":6},"end":{"line":31,"column":null}},"15":{"start":{"line":34,"column":23},"end":{"line":34,"column":null}},"16":{"start":{"line":36,"column":19},"end":{"line":38,"column":6}},"17":{"start":{"line":40,"column":4},"end":{"line":42,"column":null}},"18":{"start":{"line":41,"column":6},"end":{"line":41,"column":null}},"19":{"start":{"line":42,"column":6},"end":{"line":42,"column":null}},"20":{"start":{"line":44,"column":4},"end":{"line":46,"column":null}},"21":{"start":{"line":45,"column":6},"end":{"line":45,"column":null}},"22":{"start":{"line":46,"column":6},"end":{"line":46,"column":null}},"23":{"start":{"line":49,"column":4},"end":{"line":51,"column":null}},"24":{"start":{"line":50,"column":6},"end":{"line":50,"column":null}},"25":{"start":{"line":51,"column":6},"end":{"line":51,"column":null}},"26":{"start":{"line":54,"column":4},"end":{"line":56,"column":null}},"27":{"start":{"line":55,"column":6},"end":{"line":55,"column":null}},"28":{"start":{"line":56,"column":6},"end":{"line":56,"column":null}},"29":{"start":{"line":59,"column":21},"end":{"line":61,"column":6}},"30":{"start":{"line":62,"column":4},"end":{"line":64,"column":null}},"31":{"start":{"line":63,"column":6},"end":{"line":63,"column":null}},"32":{"start":{"line":64,"column":6},"end":{"line":64,"column":null}},"33":{"start":{"line":67,"column":17},"end":{"line":67,"column":60}},"34":{"start":{"line":68,"column":4},"end":{"line":70,"column":null}},"35":{"start":{"line":69,"column":6},"end":{"line":69,"column":null}},"36":{"start":{"line":70,"column":6},"end":{"line":70,"column":null}},"37":{"start":{"line":73,"column":24},"end":{"line":98,"column":null}},"38":{"start":{"line":74,"column":19},"end":{"line":90,"column":8}},"39":{"start":{"line":92,"column":6},"end":{"line":95,"column":null}},"40":{"start":{"line":97,"column":6},"end":{"line":97,"column":null}},"41":{"start":{"line":100,"column":4},"end":{"line":100,"column":null}},"42":{"start":{"line":102,"column":4},"end":{"line":102,"column":null}},"43":{"start":{"line":104,"column":4},"end":{"line":104,"column":null}},"44":{"start":{"line":110,"column":41},"end":{"line":134,"column":null}},"45":{"start":{"line":115,"column":2},"end":{"line":134,"column":null}},"46":{"start":{"line":116,"column":21},"end":{"line":116,"column":47}},"47":{"start":{"line":118,"column":4},"end":{"line":120,"column":null}},"48":{"start":{"line":119,"column":6},"end":{"line":119,"column":null}},"49":{"start":{"line":120,"column":6},"end":{"line":120,"column":null}},"50":{"start":{"line":123,"column":24},"end":{"line":130,"column":6}},"51":{"start":{"line":132,"column":4},"end":{"line":132,"column":null}},"52":{"start":{"line":134,"column":4},"end":{"line":134,"column":null}},"53":{"start":{"line":139,"column":39},"end":{"line":153,"column":null}},"54":{"start":{"line":144,"column":2},"end":{"line":153,"column":null}},"55":{"start":{"line":145,"column":24},"end":{"line":149,"column":6}},"56":{"start":{"line":151,"column":4},"end":{"line":151,"column":null}},"57":{"start":{"line":153,"column":4},"end":{"line":153,"column":null}},"58":{"start":{"line":159,"column":41},"end":{"line":211,"column":null}},"59":{"start":{"line":164,"column":2},"end":{"line":211,"column":null}},"60":{"start":{"line":165,"column":21},"end":{"line":165,"column":47}},"61":{"start":{"line":167,"column":4},"end":{"line":169,"column":null}},"62":{"start":{"line":168,"column":6},"end":{"line":168,"column":null}},"63":{"start":{"line":169,"column":6},"end":{"line":169,"column":null}},"64":{"start":{"line":172,"column":24},"end":{"line":175,"column":6}},"65":{"start":{"line":177,"column":4},"end":{"line":179,"column":null}},"66":{"start":{"line":178,"column":6},"end":{"line":178,"column":null}},"67":{"start":{"line":179,"column":6},"end":{"line":179,"column":null}},"68":{"start":{"line":182,"column":4},"end":{"line":184,"column":null}},"69":{"start":{"line":183,"column":6},"end":{"line":183,"column":null}},"70":{"start":{"line":184,"column":6},"end":{"line":184,"column":null}},"71":{"start":{"line":187,"column":17},"end":{"line":187,"column":27}},"72":{"start":{"line":188,"column":27},"end":{"line":188,"column":61}},"73":{"start":{"line":189,"column":22},"end":{"line":189,"column":63}},"74":{"start":{"line":190,"column":24},"end":{"line":190,"column":null}},"75":{"start":{"line":192,"column":4},"end":{"line":194,"column":null}},"76":{"start":{"line":193,"column":6},"end":{"line":193,"column":null}},"77":{"start":{"line":194,"column":6},"end":{"line":194,"column":null}},"78":{"start":{"line":197,"column":4},"end":{"line":207,"column":null}},"79":{"start":{"line":198,"column":6},"end":{"line":201,"column":null}},"80":{"start":{"line":203,"column":6},"end":{"line":206,"column":null}},"81":{"start":{"line":209,"column":4},"end":{"line":209,"column":null}},"82":{"start":{"line":211,"column":4},"end":{"line":211,"column":null}},"83":{"start":{"line":217,"column":40},"end":{"line":255,"column":null}},"84":{"start":{"line":222,"column":2},"end":{"line":255,"column":null}},"85":{"start":{"line":223,"column":24},"end":{"line":226,"column":6}},"86":{"start":{"line":228,"column":4},"end":{"line":230,"column":null}},"87":{"start":{"line":229,"column":6},"end":{"line":229,"column":null}},"88":{"start":{"line":230,"column":6},"end":{"line":230,"column":null}},"89":{"start":{"line":233,"column":4},"end":{"line":243,"column":null}},"90":{"start":{"line":234,"column":6},"end":{"line":237,"column":null}},"91":{"start":{"line":239,"column":6},"end":{"line":242,"column":null}},"92":{"start":{"line":244,"column":4},"end":{"line":251,"column":null}},"93":{"start":{"line":245,"column":6},"end":{"line":249,"column":null}},"94":{"start":{"line":251,"column":6},"end":{"line":251,"column":null}},"95":{"start":{"line":253,"column":4},"end":{"line":253,"column":null}},"96":{"start":{"line":255,"column":4},"end":{"line":255,"column":null}},"97":{"start":{"line":261,"column":29},"end":{"line":276,"column":null}},"98":{"start":{"line":266,"column":2},"end":{"line":276,"column":null}},"99":{"start":{"line":267,"column":25},"end":{"line":267,"column":null}},"100":{"start":{"line":269,"column":24},"end":{"line":272,"column":6}},"101":{"start":{"line":274,"column":4},"end":{"line":274,"column":null}},"102":{"start":{"line":276,"column":4},"end":{"line":276,"column":null}},"103":{"start":{"line":282,"column":33},"end":{"line":295,"column":null}},"104":{"start":{"line":287,"column":2},"end":{"line":295,"column":null}},"105":{"start":{"line":288,"column":29},"end":{"line":288,"column":null}},"106":{"start":{"line":293,"column":4},"end":{"line":293,"column":null}},"107":{"start":{"line":295,"column":4},"end":{"line":295,"column":null}}},"fnMap":{"0":{"name":"(anonymous_0)","decl":{"start":{"line":8,"column":34},"end":{"line":8,"column":null}},"loc":{"start":{"line":12,"column":5},"end":{"line":104,"column":null}},"line":12},"1":{"name":"(anonymous_1)","decl":{"start":{"line":73,"column":50},"end":{"line":73,"column":57}},"loc":{"start":{"line":73,"column":64},"end":{"line":98,"column":null}},"line":73},"2":{"name":"(anonymous_2)","decl":{"start":{"line":110,"column":41},"end":{"line":110,"column":null}},"loc":{"start":{"line":114,"column":5},"end":{"line":134,"column":null}},"line":114},"3":{"name":"(anonymous_3)","decl":{"start":{"line":139,"column":39},"end":{"line":139,"column":null}},"loc":{"start":{"line":143,"column":5},"end":{"line":153,"column":null}},"line":143},"4":{"name":"(anonymous_4)","decl":{"start":{"line":159,"column":41},"end":{"line":159,"column":null}},"loc":{"start":{"line":163,"column":5},"end":{"line":211,"column":null}},"line":163},"5":{"name":"(anonymous_5)","decl":{"start":{"line":197,"column":30},"end":{"line":197,"column":37}},"loc":{"start":{"line":197,"column":44},"end":{"line":207,"column":null}},"line":197},"6":{"name":"(anonymous_6)","decl":{"start":{"line":217,"column":40},"end":{"line":217,"column":null}},"loc":{"start":{"line":221,"column":5},"end":{"line":255,"column":null}},"line":221},"7":{"name":"(anonymous_7)","decl":{"start":{"line":233,"column":30},"end":{"line":233,"column":37}},"loc":{"start":{"line":233,"column":44},"end":{"line":243,"column":null}},"line":233},"8":{"name":"(anonymous_8)","decl":{"start":{"line":261,"column":29},"end":{"line":261,"column":null}},"loc":{"start":{"line":265,"column":5},"end":{"line":276,"column":null}},"line":265},"9":{"name":"(anonymous_9)","decl":{"start":{"line":282,"column":33},"end":{"line":282,"column":null}},"loc":{"start":{"line":286,"column":5},"end":{"line":295,"column":null}},"line":286}},"branchMap":{"0":{"loc":{"start":{"line":14,"column":29},"end":{"line":14,"column":69}},"type":"binary-expr","locations":[{"start":{"line":14,"column":29},"end":{"line":14,"column":51}},{"start":{"line":14,"column":51},"end":{"line":14,"column":69}}],"line":14},"1":{"loc":{"start":{"line":15,"column":28},"end":{"line":15,"column":67}},"type":"binary-expr","locations":[{"start":{"line":15,"column":28},"end":{"line":15,"column":49}},{"start":{"line":15,"column":49},"end":{"line":15,"column":67}}],"line":15},"2":{"loc":{"start":{"line":16,"column":29},"end":{"line":16,"column":null}},"type":"binary-expr","locations":[{"start":{"line":16,"column":29},"end":{"line":16,"column":55}},{"start":{"line":16,"column":55},"end":{"line":16,"column":null}}],"line":16},"3":{"loc":{"start":{"line":18,"column":6},"end":{"line":20,"column":34}},"type":"cond-expr","locations":[{"start":{"line":19,"column":10},"end":{"line":19,"column":null}},{"start":{"line":20,"column":10},"end":{"line":20,"column":34}}],"line":18},"4":{"loc":{"start":{"line":18,"column":6},"end":{"line":18,"column":null}},"type":"binary-expr","locations":[{"start":{"line":18,"column":6},"end":{"line":18,"column":40}},{"start":{"line":18,"column":40},"end":{"line":18,"column":null}}],"line":18},"5":{"loc":{"start":{"line":23,"column":4},"end":{"line":25,"column":null}},"type":"if","locations":[{"start":{"line":23,"column":4},"end":{"line":25,"column":null}},{"start":{},"end":{}}],"line":23},"6":{"loc":{"start":{"line":23,"column":8},"end":{"line":23,"column":104}},"type":"binary-expr","locations":[{"start":{"line":23,"column":8},"end":{"line":23,"column":36}},{"start":{"line":23,"column":40},"end":{"line":23,"column":58}},{"start":{"line":23,"column":58},"end":{"line":23,"column":85}},{"start":{"line":23,"column":89},"end":{"line":23,"column":104}}],"line":23},"7":{"loc":{"start":{"line":29,"column":4},"end":{"line":31,"column":null}},"type":"if","locations":[{"start":{"line":29,"column":4},"end":{"line":31,"column":null}},{"start":{},"end":{}}],"line":29},"8":{"loc":{"start":{"line":40,"column":4},"end":{"line":42,"column":null}},"type":"if","locations":[{"start":{"line":40,"column":4},"end":{"line":42,"column":null}},{"start":{},"end":{}}],"line":40},"9":{"loc":{"start":{"line":44,"column":4},"end":{"line":46,"column":null}},"type":"if","locations":[{"start":{"line":44,"column":4},"end":{"line":46,"column":null}},{"start":{},"end":{}}],"line":44},"10":{"loc":{"start":{"line":49,"column":4},"end":{"line":51,"column":null}},"type":"if","locations":[{"start":{"line":49,"column":4},"end":{"line":51,"column":null}},{"start":{},"end":{}}],"line":49},"11":{"loc":{"start":{"line":54,"column":4},"end":{"line":56,"column":null}},"type":"if","locations":[{"start":{"line":54,"column":4},"end":{"line":56,"column":null}},{"start":{},"end":{}}],"line":54},"12":{"loc":{"start":{"line":62,"column":4},"end":{"line":64,"column":null}},"type":"if","locations":[{"start":{"line":62,"column":4},"end":{"line":64,"column":null}},{"start":{},"end":{}}],"line":62},"13":{"loc":{"start":{"line":68,"column":4},"end":{"line":70,"column":null}},"type":"if","locations":[{"start":{"line":68,"column":4},"end":{"line":70,"column":null}},{"start":{},"end":{}}],"line":68},"14":{"loc":{"start":{"line":68,"column":8},"end":{"line":68,"column":44}},"type":"binary-expr","locations":[{"start":{"line":68,"column":8},"end":{"line":68,"column":17}},{"start":{"line":68,"column":17},"end":{"line":68,"column":44}}],"line":68},"15":{"loc":{"start":{"line":79,"column":20},"end":{"line":79,"column":null}},"type":"binary-expr","locations":[{"start":{"line":79,"column":20},"end":{"line":79,"column":32}},{"start":{"line":79,"column":32},"end":{"line":79,"column":null}}],"line":79},"16":{"loc":{"start":{"line":80,"column":19},"end":{"line":80,"column":null}},"type":"binary-expr","locations":[{"start":{"line":80,"column":19},"end":{"line":80,"column":30}},{"start":{"line":80,"column":30},"end":{"line":80,"column":null}}],"line":80},"17":{"loc":{"start":{"line":118,"column":4},"end":{"line":120,"column":null}},"type":"if","locations":[{"start":{"line":118,"column":4},"end":{"line":120,"column":null}},{"start":{},"end":{}}],"line":118},"18":{"loc":{"start":{"line":167,"column":4},"end":{"line":169,"column":null}},"type":"if","locations":[{"start":{"line":167,"column":4},"end":{"line":169,"column":null}},{"start":{},"end":{}}],"line":167},"19":{"loc":{"start":{"line":177,"column":4},"end":{"line":179,"column":null}},"type":"if","locations":[{"start":{"line":177,"column":4},"end":{"line":179,"column":null}},{"start":{},"end":{}}],"line":177},"20":{"loc":{"start":{"line":182,"column":4},"end":{"line":184,"column":null}},"type":"if","locations":[{"start":{"line":182,"column":4},"end":{"line":184,"column":null}},{"start":{},"end":{}}],"line":182},"21":{"loc":{"start":{"line":192,"column":4},"end":{"line":194,"column":null}},"type":"if","locations":[{"start":{"line":192,"column":4},"end":{"line":194,"column":null}},{"start":{},"end":{}}],"line":192},"22":{"loc":{"start":{"line":228,"column":4},"end":{"line":230,"column":null}},"type":"if","locations":[{"start":{"line":228,"column":4},"end":{"line":230,"column":null}},{"start":{},"end":{}}],"line":228}},"s":{"0":1,"1":14,"2":14,"3":14,"4":14,"5":14,"6":14,"7":14,"8":14,"9":0,"10":0,"11":14,"12":13,"13":1,"14":1,"15":12,"16":12,"17":12,"18":0,"19":0,"20":12,"21":1,"22":1,"23":11,"24":0,"25":0,"26":11,"27":0,"28":0,"29":11,"30":11,"31":1,"32":1,"33":10,"34":9,"35":2,"36":2,"37":7,"38":0,"39":0,"40":0,"41":6,"42":6,"43":3,"44":1,"45":4,"46":4,"47":3,"48":1,"49":1,"50":2,"51":2,"52":1,"53":1,"54":5,"55":5,"56":4,"57":1,"58":1,"59":6,"60":6,"61":6,"62":0,"63":0,"64":6,"65":5,"66":1,"67":1,"68":4,"69":0,"70":0,"71":4,"72":4,"73":4,"74":4,"75":4,"76":3,"77":3,"78":1,"79":0,"80":0,"81":1,"82":1,"83":1,"84":4,"85":4,"86":3,"87":1,"88":1,"89":2,"90":0,"91":0,"92":2,"93":2,"94":0,"95":2,"96":1,"97":1,"98":4,"99":4,"100":4,"101":3,"102":1,"103":1,"104":0,"105":0,"106":0,"107":0},"f":{"0":14,"1":0,"2":4,"3":5,"4":6,"5":0,"6":4,"7":0,"8":4,"9":0},"b":{"0":[14,14],"1":[14,14],"2":[14,14],"3":[10,4],"4":[14,4],"5":[0,14],"6":[14,14,14,14],"7":[1,12],"8":[0,12],"9":[1,11],"10":[0,11],"11":[0,11],"12":[1,10],"13":[2,7],"14":[9,8],"15":[0,0],"16":[0,0],"17":[1,2],"18":[0,6],"19":[1,4],"20":[0,4],"21":[3,1],"22":[1,2]},"meta":{"lastBranch":23,"lastFunction":10,"lastStatement":108,"seen":{"s:8:34:104:Infinity":0,"f:8:34:8:Infinity":0,"s:13:2:104:Infinity":1,"s:14:22:14:69":2,"b:14:29:14:51:14:51:14:69":0,"s:15:21:15:67":3,"b:15:28:15:49:15:49:15:67":1,"s:16:29:16:Infinity":4,"b:16:29:16:55:16:55:16:Infinity":2,"s:18:6:20:34":5,"b:19:10:19:Infinity:20:10:20:34":3,"b:18:6:18:40:18:40:18:Infinity":4,"s:21:21:21:Infinity":6,"s:22:20:22:Infinity":7,"b:23:4:25:Infinity:undefined:undefined:undefined:undefined":5,"s:23:4:25:Infinity":8,"b:23:8:23:36:23:40:23:58:23:58:23:85:23:89:23:104":6,"s:24:6:24:Infinity":9,"s:25:6:25:Infinity":10,"s:28:21:28:47":11,"b:29:4:31:Infinity:undefined:undefined:undefined:undefined":7,"s:29:4:31:Infinity":12,"s:30:6:30:Infinity":13,"s:31:6:31:Infinity":14,"s:34:23:34:Infinity":15,"s:36:19:38:6":16,"b:40:4:42:Infinity:undefined:undefined:undefined:undefined":8,"s:40:4:42:Infinity":17,"s:41:6:41:Infinity":18,"s:42:6:42:Infinity":19,"b:44:4:46:Infinity:undefined:undefined:undefined:undefined":9,"s:44:4:46:Infinity":20,"s:45:6:45:Infinity":21,"s:46:6:46:Infinity":22,"b:49:4:51:Infinity:undefined:undefined:undefined:undefined":10,"s:49:4:51:Infinity":23,"s:50:6:50:Infinity":24,"s:51:6:51:Infinity":25,"b:54:4:56:Infinity:undefined:undefined:undefined:undefined":11,"s:54:4:56:Infinity":26,"s:55:6:55:Infinity":27,"s:56:6:56:Infinity":28,"s:59:21:61:6":29,"b:62:4:64:Infinity:undefined:undefined:undefined:undefined":12,"s:62:4:64:Infinity":30,"s:63:6:63:Infinity":31,"s:64:6:64:Infinity":32,"s:67:17:67:60":33,"b:68:4:70:Infinity:undefined:undefined:undefined:undefined":13,"s:68:4:70:Infinity":34,"b:68:8:68:17:68:17:68:44":14,"s:69:6:69:Infinity":35,"s:70:6:70:Infinity":36,"s:73:24:98:Infinity":37,"f:73:50:73:57":1,"s:74:19:90:8":38,"b:79:20:79:32:79:32:79:Infinity":15,"b:80:19:80:30:80:30:80:Infinity":16,"s:92:6:95:Infinity":39,"s:97:6:97:Infinity":40,"s:100:4:100:Infinity":41,"s:102:4:102:Infinity":42,"s:104:4:104:Infinity":43,"s:110:41:134:Infinity":44,"f:110:41:110:Infinity":2,"s:115:2:134:Infinity":45,"s:116:21:116:47":46,"b:118:4:120:Infinity:undefined:undefined:undefined:undefined":17,"s:118:4:120:Infinity":47,"s:119:6:119:Infinity":48,"s:120:6:120:Infinity":49,"s:123:24:130:6":50,"s:132:4:132:Infinity":51,"s:134:4:134:Infinity":52,"s:139:39:153:Infinity":53,"f:139:39:139:Infinity":3,"s:144:2:153:Infinity":54,"s:145:24:149:6":55,"s:151:4:151:Infinity":56,"s:153:4:153:Infinity":57,"s:159:41:211:Infinity":58,"f:159:41:159:Infinity":4,"s:164:2:211:Infinity":59,"s:165:21:165:47":60,"b:167:4:169:Infinity:undefined:undefined:undefined:undefined":18,"s:167:4:169:Infinity":61,"s:168:6:168:Infinity":62,"s:169:6:169:Infinity":63,"s:172:24:175:6":64,"b:177:4:179:Infinity:undefined:undefined:undefined:undefined":19,"s:177:4:179:Infinity":65,"s:178:6:178:Infinity":66,"s:179:6:179:Infinity":67,"b:182:4:184:Infinity:undefined:undefined:undefined:undefined":20,"s:182:4:184:Infinity":68,"s:183:6:183:Infinity":69,"s:184:6:184:Infinity":70,"s:187:17:187:27":71,"s:188:27:188:61":72,"s:189:22:189:63":73,"s:190:24:190:Infinity":74,"b:192:4:194:Infinity:undefined:undefined:undefined:undefined":21,"s:192:4:194:Infinity":75,"s:193:6:193:Infinity":76,"s:194:6:194:Infinity":77,"s:197:4:207:Infinity":78,"f:197:30:197:37":5,"s:198:6:201:Infinity":79,"s:203:6:206:Infinity":80,"s:209:4:209:Infinity":81,"s:211:4:211:Infinity":82,"s:217:40:255:Infinity":83,"f:217:40:217:Infinity":6,"s:222:2:255:Infinity":84,"s:223:24:226:6":85,"b:228:4:230:Infinity:undefined:undefined:undefined:undefined":22,"s:228:4:230:Infinity":86,"s:229:6:229:Infinity":87,"s:230:6:230:Infinity":88,"s:233:4:243:Infinity":89,"f:233:30:233:37":7,"s:234:6:237:Infinity":90,"s:239:6:242:Infinity":91,"s:244:4:251:Infinity":92,"s:245:6:249:Infinity":93,"s:251:6:251:Infinity":94,"s:253:4:253:Infinity":95,"s:255:4:255:Infinity":96,"s:261:29:276:Infinity":97,"f:261:29:261:Infinity":8,"s:266:2:276:Infinity":98,"s:267:25:267:Infinity":99,"s:269:24:272:6":100,"s:274:4:274:Infinity":101,"s:276:4:276:Infinity":102,"s:282:33:295:Infinity":103,"f:282:33:282:Infinity":9,"s:287:2:295:Infinity":104,"s:288:29:288:Infinity":105,"s:293:4:293:Infinity":106,"s:295:4:295:Infinity":107}}}
,"C:\\Users\\Kenan\\Desktop\\SI\\SIGrupa1\\PROJEKAT\\bolnicki-sistem\\server\\src\\controllers\\terminController.ts": {"path":"C:\\Users\\Kenan\\Desktop\\SI\\SIGrupa1\\PROJEKAT\\bolnicki-sistem\\server\\src\\controllers\\terminController.ts","statementMap":{"0":{"start":{"line":6,"column":27},"end":{"line":6,"column":null}},"1":{"start":{"line":12,"column":34},"end":{"line":47,"column":null}},"2":{"start":{"line":17,"column":2},"end":{"line":47,"column":null}},"3":{"start":{"line":18,"column":32},"end":{"line":18,"column":null}},"4":{"start":{"line":20,"column":20},"end":{"line":35,"column":6}},"5":{"start":{"line":38,"column":21},"end":{"line":42,"column":null}},"6":{"start":{"line":40,"column":21},"end":{"line":40,"column":59}},"7":{"start":{"line":41,"column":8},"end":{"line":41,"column":null}},"8":{"start":{"line":45,"column":4},"end":{"line":45,"column":null}},"9":{"start":{"line":47,"column":4},"end":{"line":47,"column":null}},"10":{"start":{"line":55,"column":29},"end":{"line":73,"column":null}},"11":{"start":{"line":60,"column":2},"end":{"line":73,"column":null}},"12":{"start":{"line":61,"column":19},"end":{"line":64,"column":6}},"13":{"start":{"line":66,"column":4},"end":{"line":68,"column":null}},"14":{"start":{"line":67,"column":6},"end":{"line":67,"column":null}},"15":{"start":{"line":68,"column":6},"end":{"line":68,"column":null}},"16":{"start":{"line":71,"column":4},"end":{"line":71,"column":null}},"17":{"start":{"line":73,"column":4},"end":{"line":73,"column":null}},"18":{"start":{"line":81,"column":31},"end":{"line":109,"column":null}},"19":{"start":{"line":86,"column":2},"end":{"line":109,"column":null}},"20":{"start":{"line":87,"column":21},"end":{"line":87,"column":42}},"21":{"start":{"line":88,"column":23},"end":{"line":88,"column":51}},"22":{"start":{"line":90,"column":4},"end":{"line":92,"column":null}},"23":{"start":{"line":91,"column":6},"end":{"line":91,"column":null}},"24":{"start":{"line":92,"column":6},"end":{"line":92,"column":null}},"25":{"start":{"line":95,"column":20},"end":{"line":95,"column":null}},"26":{"start":{"line":98,"column":26},"end":{"line":98,"column":50}},"27":{"start":{"line":99,"column":4},"end":{"line":101,"column":null}},"28":{"start":{"line":100,"column":6},"end":{"line":100,"column":null}},"29":{"start":{"line":101,"column":6},"end":{"line":101,"column":null}},"30":{"start":{"line":105,"column":4},"end":{"line":105,"column":null}},"31":{"start":{"line":107,"column":4},"end":{"line":107,"column":null}},"32":{"start":{"line":109,"column":4},"end":{"line":109,"column":null}},"33":{"start":{"line":117,"column":30},"end":{"line":130,"column":null}},"34":{"start":{"line":122,"column":2},"end":{"line":130,"column":null}},"35":{"start":{"line":123,"column":21},"end":{"line":123,"column":42}},"36":{"start":{"line":124,"column":20},"end":{"line":124,"column":null}},"37":{"start":{"line":126,"column":4},"end":{"line":126,"column":null}},"38":{"start":{"line":128,"column":4},"end":{"line":128,"column":null}},"39":{"start":{"line":130,"column":4},"end":{"line":130,"column":null}}},"fnMap":{"0":{"name":"(anonymous_0)","decl":{"start":{"line":12,"column":34},"end":{"line":12,"column":null}},"loc":{"start":{"line":16,"column":5},"end":{"line":47,"column":null}},"line":16},"1":{"name":"(anonymous_1)","decl":{"start":{"line":39,"column":18},"end":{"line":39,"column":25}},"loc":{"start":{"line":39,"column":31},"end":{"line":42,"column":null}},"line":39},"2":{"name":"(anonymous_2)","decl":{"start":{"line":55,"column":29},"end":{"line":55,"column":null}},"loc":{"start":{"line":59,"column":5},"end":{"line":73,"column":null}},"line":59},"3":{"name":"(anonymous_3)","decl":{"start":{"line":81,"column":31},"end":{"line":81,"column":null}},"loc":{"start":{"line":85,"column":5},"end":{"line":109,"column":null}},"line":85},"4":{"name":"(anonymous_4)","decl":{"start":{"line":117,"column":30},"end":{"line":117,"column":null}},"loc":{"start":{"line":121,"column":5},"end":{"line":130,"column":null}},"line":121}},"branchMap":{"0":{"loc":{"start":{"line":22,"column":18},"end":{"line":22,"column":null}},"type":"cond-expr","locations":[{"start":{"line":22,"column":29},"end":{"line":22,"column":45}},{"start":{"line":22,"column":48},"end":{"line":22,"column":null}}],"line":22},"1":{"loc":{"start":{"line":23,"column":15},"end":{"line":23,"column":null}},"type":"cond-expr","locations":[{"start":{"line":23,"column":23},"end":{"line":23,"column":48}},{"start":{"line":23,"column":51},"end":{"line":23,"column":null}}],"line":23},"2":{"loc":{"start":{"line":41,"column":15},"end":{"line":41,"column":null}},"type":"cond-expr","locations":[{"start":{"line":41,"column":22},"end":{"line":41,"column":29}},{"start":{"line":41,"column":29},"end":{"line":41,"column":null}}],"line":41},"3":{"loc":{"start":{"line":66,"column":4},"end":{"line":68,"column":null}},"type":"if","locations":[{"start":{"line":66,"column":4},"end":{"line":68,"column":null}},{"start":{},"end":{}}],"line":66},"4":{"loc":{"start":{"line":90,"column":4},"end":{"line":92,"column":null}},"type":"if","locations":[{"start":{"line":90,"column":4},"end":{"line":92,"column":null}},{"start":{},"end":{}}],"line":90},"5":{"loc":{"start":{"line":99,"column":4},"end":{"line":101,"column":null}},"type":"if","locations":[{"start":{"line":99,"column":4},"end":{"line":101,"column":null}},{"start":{},"end":{}}],"line":99},"6":{"loc":{"start":{"line":99,"column":8},"end":{"line":99,"column":61}},"type":"binary-expr","locations":[{"start":{"line":99,"column":8},"end":{"line":99,"column":25}},{"start":{"line":99,"column":25},"end":{"line":99,"column":61}}],"line":99}},"s":{"0":1,"1":1,"2":12,"3":12,"4":12,"5":11,"6":11,"7":10,"8":10,"9":2,"10":1,"11":6,"12":6,"13":4,"14":1,"15":1,"16":3,"17":2,"18":1,"19":8,"20":8,"21":8,"22":8,"23":0,"24":0,"25":8,"26":8,"27":7,"28":2,"29":2,"30":5,"31":4,"32":2,"33":1,"34":5,"35":5,"36":5,"37":5,"38":4,"39":1},"f":{"0":12,"1":11,"2":6,"3":8,"4":5},"b":{"0":[3,9],"1":[3,9],"2":[4,6],"3":[1,3],"4":[0,8],"5":[2,5],"6":[7,3]},"meta":{"lastBranch":7,"lastFunction":5,"lastStatement":40,"seen":{"s:6:27:6:Infinity":0,"s:12:34:47:Infinity":1,"f:12:34:12:Infinity":0,"s:17:2:47:Infinity":2,"s:18:32:18:Infinity":3,"s:20:20:35:6":4,"b:22:29:22:45:22:48:22:Infinity":0,"b:23:23:23:48:23:51:23:Infinity":1,"s:38:21:42:Infinity":5,"f:39:18:39:25":1,"s:40:21:40:59":6,"s:41:8:41:Infinity":7,"b:41:22:41:29:41:29:41:Infinity":2,"s:45:4:45:Infinity":8,"s:47:4:47:Infinity":9,"s:55:29:73:Infinity":10,"f:55:29:55:Infinity":2,"s:60:2:73:Infinity":11,"s:61:19:64:6":12,"b:66:4:68:Infinity:undefined:undefined:undefined:undefined":3,"s:66:4:68:Infinity":13,"s:67:6:67:Infinity":14,"s:68:6:68:Infinity":15,"s:71:4:71:Infinity":16,"s:73:4:73:Infinity":17,"s:81:31:109:Infinity":18,"f:81:31:81:Infinity":3,"s:86:2:109:Infinity":19,"s:87:21:87:42":20,"s:88:23:88:51":21,"b:90:4:92:Infinity:undefined:undefined:undefined:undefined":4,"s:90:4:92:Infinity":22,"s:91:6:91:Infinity":23,"s:92:6:92:Infinity":24,"s:95:20:95:Infinity":25,"s:98:26:98:50":26,"b:99:4:101:Infinity:undefined:undefined:undefined:undefined":5,"s:99:4:101:Infinity":27,"b:99:8:99:25:99:25:99:61":6,"s:100:6:100:Infinity":28,"s:101:6:101:Infinity":29,"s:105:4:105:Infinity":30,"s:107:4:107:Infinity":31,"s:109:4:109:Infinity":32,"s:117:30:130:Infinity":33,"f:117:30:117:Infinity":4,"s:122:2:130:Infinity":34,"s:123:21:123:42":35,"s:124:20:124:Infinity":36,"s:126:4:126:Infinity":37,"s:128:4:128:Infinity":38,"s:130:4:130:Infinity":39}}}
,"C:\\Users\\Kenan\\Desktop\\SI\\SIGrupa1\\PROJEKAT\\bolnicki-sistem\\server\\src\\lib\\currentPatient.ts": {"path":"C:\\Users\\Kenan\\Desktop\\SI\\SIGrupa1\\PROJEKAT\\bolnicki-sistem\\server\\src\\lib\\currentPatient.ts","statementMap":{"0":{"start":{"line":3,"column":27},"end":{"line":3,"column":null}},"1":{"start":{"line":4,"column":25},"end":{"line":4,"column":61}},"2":{"start":{"line":6,"column":34},"end":{"line":34,"column":null}},"3":{"start":{"line":7,"column":2},"end":{"line":14,"column":null}},"4":{"start":{"line":8,"column":25},"end":{"line":11,"column":6}},"5":{"start":{"line":13,"column":4},"end":{"line":14,"column":null}},"6":{"start":{"line":14,"column":6},"end":{"line":14,"column":null}},"7":{"start":{"line":18,"column":26},"end":{"line":25,"column":4}},"8":{"start":{"line":27,"column":2},"end":{"line":28,"column":null}},"9":{"start":{"line":28,"column":4},"end":{"line":28,"column":null}},"10":{"start":{"line":31,"column":2},"end":{"line":34,"column":null}},"11":{"start":{"line":37,"column":36},"end":{"line":39,"column":null}},"12":{"start":{"line":38,"column":19},"end":{"line":38,"column":45}},"13":{"start":{"line":39,"column":2},"end":{"line":39,"column":null}}},"fnMap":{"0":{"name":"(anonymous_0)","decl":{"start":{"line":6,"column":34},"end":{"line":6,"column":46}},"loc":{"start":{"line":6,"column":46},"end":{"line":34,"column":null}},"line":6},"1":{"name":"(anonymous_1)","decl":{"start":{"line":37,"column":36},"end":{"line":37,"column":48}},"loc":{"start":{"line":37,"column":48},"end":{"line":39,"column":null}},"line":37}},"branchMap":{"0":{"loc":{"start":{"line":3,"column":27},"end":{"line":3,"column":null}},"type":"binary-expr","locations":[{"start":{"line":3,"column":27},"end":{"line":3,"column":61}},{"start":{"line":3,"column":61},"end":{"line":3,"column":null}}],"line":3},"1":{"loc":{"start":{"line":7,"column":2},"end":{"line":14,"column":null}},"type":"if","locations":[{"start":{"line":7,"column":2},"end":{"line":14,"column":null}},{"start":{},"end":{}}],"line":7},"2":{"loc":{"start":{"line":7,"column":6},"end":{"line":7,"column":66}},"type":"binary-expr","locations":[{"start":{"line":7,"column":6},"end":{"line":7,"column":40}},{"start":{"line":7,"column":44},"end":{"line":7,"column":66}}],"line":7},"3":{"loc":{"start":{"line":13,"column":4},"end":{"line":14,"column":null}},"type":"if","locations":[{"start":{"line":13,"column":4},"end":{"line":14,"column":null}},{"start":{},"end":{}}],"line":13},"4":{"loc":{"start":{"line":27,"column":2},"end":{"line":28,"column":null}},"type":"if","locations":[{"start":{"line":27,"column":2},"end":{"line":28,"column":null}},{"start":{},"end":{}}],"line":27},"5":{"loc":{"start":{"line":39,"column":9},"end":{"line":39,"column":null}},"type":"binary-expr","locations":[{"start":{"line":39,"column":9},"end":{"line":39,"column":33}},{"start":{"line":39,"column":33},"end":{"line":39,"column":null}}],"line":39}},"s":{"0":2,"1":2,"2":2,"3":0,"4":0,"5":0,"6":0,"7":0,"8":0,"9":0,"10":0,"11":2,"12":0,"13":0},"f":{"0":0,"1":0},"b":{"0":[2,2],"1":[0,0],"2":[0,0],"3":[0,0],"4":[0,0],"5":[0,0]},"meta":{"lastBranch":6,"lastFunction":2,"lastStatement":14,"seen":{"s:3:27:3:Infinity":0,"b:3:27:3:61:3:61:3:Infinity":0,"s:4:25:4:61":1,"s:6:34:34:Infinity":2,"f:6:34:6:46":0,"b:7:2:14:Infinity:undefined:undefined:undefined:undefined":1,"s:7:2:14:Infinity":3,"b:7:6:7:40:7:44:7:66":2,"s:8:25:11:6":4,"b:13:4:14:Infinity:undefined:undefined:undefined:undefined":3,"s:13:4:14:Infinity":5,"s:14:6:14:Infinity":6,"s:18:26:25:4":7,"b:27:2:28:Infinity:undefined:undefined:undefined:undefined":4,"s:27:2:28:Infinity":8,"s:28:4:28:Infinity":9,"s:31:2:34:Infinity":10,"s:37:36:39:Infinity":11,"f:37:36:37:48":1,"s:38:19:38:45":12,"s:39:2:39:Infinity":13,"b:39:9:39:33:39:33:39:Infinity":5}}}
,"C:\\Users\\Kenan\\Desktop\\SI\\SIGrupa1\\PROJEKAT\\bolnicki-sistem\\server\\src\\lib\\__mocks__\\prisma.ts": {"path":"C:\\Users\\Kenan\\Desktop\\SI\\SIGrupa1\\PROJEKAT\\bolnicki-sistem\\server\\src\\lib\\__mocks__\\prisma.ts","statementMap":{"0":{"start":{"line":7,"column":13},"end":{"line":7,"column":50}},"1":{"start":{"line":10,"column":22},"end":{"line":10,"column":null}},"2":{"start":{"line":12,"column":0},"end":{"line":14,"column":null}},"3":{"start":{"line":13,"column":2},"end":{"line":13,"column":null}}},"fnMap":{"0":{"name":"(anonymous_0)","decl":{"start":{"line":12,"column":0},"end":{"line":12,"column":17}},"loc":{"start":{"line":12,"column":17},"end":{"line":14,"column":null}},"line":12}},"branchMap":{},"s":{"0":3,"1":3,"2":3,"3":90},"f":{"0":90},"b":{},"meta":{"lastBranch":0,"lastFunction":1,"lastStatement":4,"seen":{"s:7:13:7:50":0,"s:10:22:10:Infinity":1,"s:12:0:14:Infinity":2,"f:12:0:12:17":0,"s:13:2:13:Infinity":3}}}
,"C:\\Users\\Kenan\\Desktop\\SI\\SIGrupa1\\PROJEKAT\\bolnicki-sistem\\server\\src\\lib\\__mocks__\\redis.ts": {"path":"C:\\Users\\Kenan\\Desktop\\SI\\SIGrupa1\\PROJEKAT\\bolnicki-sistem\\server\\src\\lib\\__mocks__\\redis.ts","statementMap":{"0":{"start":{"line":5,"column":13},"end":{"line":5,"column":42}},"1":{"start":{"line":6,"column":21},"end":{"line":6,"column":null}},"2":{"start":{"line":8,"column":0},"end":{"line":10,"column":null}},"3":{"start":{"line":9,"column":2},"end":{"line":9,"column":null}}},"fnMap":{"0":{"name":"(anonymous_0)","decl":{"start":{"line":8,"column":0},"end":{"line":8,"column":17}},"loc":{"start":{"line":8,"column":17},"end":{"line":10,"column":null}},"line":8}},"branchMap":{},"s":{"0":2,"1":2,"2":2,"3":68},"f":{"0":68},"b":{},"meta":{"lastBranch":0,"lastFunction":1,"lastStatement":4,"seen":{"s:5:13:5:42":0,"s:6:21:6:Infinity":1,"s:8:0:10:Infinity":2,"f:8:0:8:17":0,"s:9:2:9:Infinity":3}}}
}
