{"C:\\Users\\DT User\\Desktop\\SIGrupa1\\PROJEKAT\\bolnicki-sistem\\server\\src\\sobaOccupancyService.ts": {"path":"C:\\Users\\DT User\\Desktop\\SIGrupa1\\PROJEKAT\\bolnicki-sistem\\server\\src\\sobaOccupancyService.ts","statementMap":{"0":{"start":{"line":4,"column":31},"end":{"line":4,"column":null}},"1":{"start":{"line":43,"column":6},"end":{"line":43,"column":61}},"2":{"start":{"line":43,"column":31},"end":{"line":43,"column":61}},"3":{"start":{"line":45,"column":6},"end":{"line":48,"column":null}},"4":{"start":{"line":46,"column":16},"end":{"line":46,"column":40}},"5":{"start":{"line":47,"column":15},"end":{"line":47,"column":null}},"6":{"start":{"line":48,"column":2},"end":{"line":48,"column":null}},"7":{"start":{"line":51,"column":6},"end":{"line":52,"column":null}},"8":{"start":{"line":52,"column":2},"end":{"line":52,"column":null}},"9":{"start":{"line":55,"column":6},"end":{"line":75,"column":null}},"10":{"start":{"line":56,"column":2},"end":{"line":57,"column":null}},"11":{"start":{"line":57,"column":4},"end":{"line":57,"column":null}},"12":{"start":{"line":60,"column":2},"end":{"line":64,"column":null}},"13":{"start":{"line":61,"column":4},"end":{"line":64,"column":null}},"14":{"start":{"line":67,"column":17},"end":{"line":67,"column":55}},"15":{"start":{"line":68,"column":2},"end":{"line":72,"column":null}},"16":{"start":{"line":69,"column":4},"end":{"line":72,"column":null}},"17":{"start":{"line":75,"column":2},"end":{"line":75,"column":null}},"18":{"start":{"line":78,"column":6},"end":{"line":81,"column":null}},"19":{"start":{"line":78,"column":45},"end":{"line":81,"column":null}},"20":{"start":{"line":83,"column":6},"end":{"line":94,"column":null}},"21":{"start":{"line":83,"column":58},"end":{"line":94,"column":null}},"22":{"start":{"line":96,"column":6},"end":{"line":97,"column":null}},"23":{"start":{"line":97,"column":2},"end":{"line":97,"column":null}},"24":{"start":{"line":100,"column":6},"end":{"line":101,"column":null}},"25":{"start":{"line":101,"column":2},"end":{"line":101,"column":null}},"26":{"start":{"line":104,"column":6},"end":{"line":128,"column":null}},"27":{"start":{"line":106,"column":4},"end":{"line":108,"column":null}},"28":{"start":{"line":109,"column":16},"end":{"line":109,"column":null}},"29":{"start":{"line":110,"column":14},"end":{"line":110,"column":null}},"30":{"start":{"line":112,"column":2},"end":{"line":128,"column":null}},"31":{"start":{"line":131,"column":6},"end":{"line":137,"column":null}},"32":{"start":{"line":131,"column":74},"end":{"line":137,"column":null}},"33":{"start":{"line":145,"column":2},"end":{"line":145,"column":null}},"34":{"start":{"line":145,"column":26},"end":{"line":145,"column":null}},"35":{"start":{"line":148,"column":4},"end":{"line":151,"column":null}},"36":{"start":{"line":153,"column":2},"end":{"line":153,"column":null}},"37":{"start":{"line":157,"column":15},"end":{"line":157,"column":48}},"38":{"start":{"line":158,"column":16},"end":{"line":158,"column":33}},"39":{"start":{"line":159,"column":18},"end":{"line":159,"column":null}},"40":{"start":{"line":160,"column":26},"end":{"line":164,"column":null}},"41":{"start":{"line":165,"column":25},"end":{"line":165,"column":45}},"42":{"start":{"line":167,"column":43},"end":{"line":227,"column":4}},"43":{"start":{"line":229,"column":29},"end":{"line":229,"column":64}},"44":{"start":{"line":230,"column":2},"end":{"line":237,"column":null}},"45":{"start":{"line":231,"column":19},"end":{"line":231,"column":52}},"46":{"start":{"line":232,"column":4},"end":{"line":232,"column":null}},"47":{"start":{"line":232,"column":17},"end":{"line":232,"column":null}},"48":{"start":{"line":234,"column":24},"end":{"line":234,"column":57}},"49":{"start":{"line":235,"column":20},"end":{"line":235,"column":56}},"50":{"start":{"line":236,"column":4},"end":{"line":236,"column":null}},"51":{"start":{"line":237,"column":4},"end":{"line":237,"column":null}},"52":{"start":{"line":240,"column":26},"end":{"line":240,"column":70}},"53":{"start":{"line":241,"column":2},"end":{"line":248,"column":null}},"54":{"start":{"line":242,"column":19},"end":{"line":242,"column":38}},"55":{"start":{"line":243,"column":4},"end":{"line":243,"column":null}},"56":{"start":{"line":243,"column":17},"end":{"line":243,"column":null}},"57":{"start":{"line":244,"column":4},"end":{"line":244,"column":null}},"58":{"start":{"line":244,"column":52},"end":{"line":244,"column":null}},"59":{"start":{"line":246,"column":20},"end":{"line":246,"column":53}},"60":{"start":{"line":247,"column":4},"end":{"line":247,"column":null}},"61":{"start":{"line":248,"column":4},"end":{"line":248,"column":null}},"62":{"start":{"line":251,"column":2},"end":{"line":285,"column":null}},"63":{"start":{"line":256,"column":12},"end":{"line":256,"column":108}},"64":{"start":{"line":256,"column":86},"end":{"line":256,"column":108}},"65":{"start":{"line":257,"column":12},"end":{"line":257,"column":103}},"66":{"start":{"line":257,"column":81},"end":{"line":257,"column":103}},"67":{"start":{"line":258,"column":33},"end":{"line":263,"column":null}},"68":{"start":{"line":260,"column":12},"end":{"line":261,"column":null}},"69":{"start":{"line":264,"column":30},"end":{"line":264,"column":null}},"70":{"start":{"line":264,"column":69},"end":{"line":264,"column":107}},"71":{"start":{"line":265,"column":21},"end":{"line":265,"column":110}},"72":{"start":{"line":267,"column":8},"end":{"line":270,"column":null}},"73":{"start":{"line":272,"column":6},"end":{"line":283,"column":null}}},"fnMap":{"0":{"name":"(anonymous_0)","decl":{"start":{"line":43,"column":6},"end":{"line":43,"column":13}},"loc":{"start":{"line":43,"column":31},"end":{"line":43,"column":61}},"line":43},"1":{"name":"(anonymous_1)","decl":{"start":{"line":45,"column":6},"end":{"line":45,"column":23}},"loc":{"start":{"line":45,"column":51},"end":{"line":48,"column":null}},"line":45},"2":{"name":"(anonymous_2)","decl":{"start":{"line":51,"column":6},"end":{"line":51,"column":22}},"loc":{"start":{"line":51,"column":45},"end":{"line":52,"column":null}},"line":51},"3":{"name":"(anonymous_3)","decl":{"start":{"line":55,"column":6},"end":{"line":55,"column":27}},"loc":{"start":{"line":55,"column":80},"end":{"line":75,"column":null}},"line":55},"4":{"name":"(anonymous_4)","decl":{"start":{"line":78,"column":6},"end":{"line":78,"column":24}},"loc":{"start":{"line":78,"column":45},"end":{"line":81,"column":null}},"line":78},"5":{"name":"(anonymous_5)","decl":{"start":{"line":83,"column":6},"end":{"line":83,"column":25}},"loc":{"start":{"line":83,"column":58},"end":{"line":94,"column":null}},"line":83},"6":{"name":"(anonymous_6)","decl":{"start":{"line":96,"column":6},"end":{"line":96,"column":30}},"loc":{"start":{"line":96,"column":66},"end":{"line":97,"column":null}},"line":96},"7":{"name":"(anonymous_7)","decl":{"start":{"line":100,"column":6},"end":{"line":100,"column":23}},"loc":{"start":{"line":100,"column":54},"end":{"line":101,"column":null}},"line":100},"8":{"name":"(anonymous_8)","decl":{"start":{"line":104,"column":6},"end":{"line":104,"column":30}},"loc":{"start":{"line":104,"column":67},"end":{"line":128,"column":null}},"line":104},"9":{"name":"(anonymous_9)","decl":{"start":{"line":131,"column":6},"end":{"line":131,"column":32}},"loc":{"start":{"line":131,"column":74},"end":{"line":137,"column":null}},"line":131},"10":{"name":"odrediStatusZauzetostiSobe","decl":{"start":{"line":139,"column":16},"end":{"line":139,"column":null}},"loc":{"start":{"line":144,"column":24},"end":{"line":153,"column":null}},"line":144},"11":{"name":"getZauzetostSobaService","decl":{"start":{"line":156,"column":22},"end":{"line":156,"column":46}},"loc":{"start":{"line":156,"column":84},"end":{"line":285,"column":null}},"line":156},"12":{"name":"(anonymous_12)","decl":{"start":{"line":255,"column":17},"end":{"line":255,"column":22}},"loc":{"start":{"line":255,"column":31},"end":{"line":283,"column":null}},"line":255},"13":{"name":"(anonymous_13)","decl":{"start":{"line":256,"column":71},"end":{"line":256,"column":77}},"loc":{"start":{"line":256,"column":86},"end":{"line":256,"column":108}},"line":256},"14":{"name":"(anonymous_14)","decl":{"start":{"line":257,"column":66},"end":{"line":257,"column":72}},"loc":{"start":{"line":257,"column":81},"end":{"line":257,"column":103}},"line":257},"15":{"name":"(anonymous_15)","decl":{"start":{"line":259,"column":27},"end":{"line":259,"column":33}},"loc":{"start":{"line":260,"column":12},"end":{"line":261,"column":null}},"line":260},"16":{"name":"(anonymous_16)","decl":{"start":{"line":264,"column":47},"end":{"line":264,"column":53}},"loc":{"start":{"line":264,"column":69},"end":{"line":264,"column":107}},"line":264}},"branchMap":{"0":{"loc":{"start":{"line":56,"column":2},"end":{"line":57,"column":null}},"type":"if","locations":[{"start":{"line":56,"column":2},"end":{"line":57,"column":null}},{"start":{},"end":{}}],"line":56},"1":{"loc":{"start":{"line":56,"column":6},"end":{"line":56,"column":43}},"type":"binary-expr","locations":[{"start":{"line":56,"column":6},"end":{"line":56,"column":20}},{"start":{"line":56,"column":20},"end":{"line":56,"column":43}}],"line":56},"2":{"loc":{"start":{"line":60,"column":2},"end":{"line":64,"column":null}},"type":"if","locations":[{"start":{"line":60,"column":2},"end":{"line":64,"column":null}},{"start":{},"end":{}}],"line":60},"3":{"loc":{"start":{"line":68,"column":2},"end":{"line":72,"column":null}},"type":"if","locations":[{"start":{"line":68,"column":2},"end":{"line":72,"column":null}},{"start":{},"end":{}}],"line":68},"4":{"loc":{"start":{"line":68,"column":6},"end":{"line":68,"column":93}},"type":"binary-expr","locations":[{"start":{"line":68,"column":6},"end":{"line":68,"column":36}},{"start":{"line":68,"column":40},"end":{"line":68,"column":93}}],"line":68},"5":{"loc":{"start":{"line":85,"column":7},"end":{"line":85,"column":null}},"type":"binary-expr","locations":[{"start":{"line":85,"column":7},"end":{"line":85,"column":31}},{"start":{"line":85,"column":31},"end":{"line":85,"column":null}}],"line":85},"6":{"loc":{"start":{"line":86,"column":11},"end":{"line":86,"column":null}},"type":"binary-expr","locations":[{"start":{"line":86,"column":11},"end":{"line":86,"column":39}},{"start":{"line":86,"column":39},"end":{"line":86,"column":null}}],"line":86},"7":{"loc":{"start":{"line":87,"column":19},"end":{"line":87,"column":null}},"type":"binary-expr","locations":[{"start":{"line":87,"column":19},"end":{"line":87,"column":45}},{"start":{"line":87,"column":45},"end":{"line":87,"column":null}}],"line":87},"8":{"loc":{"start":{"line":88,"column":9},"end":{"line":93,"column":null}},"type":"cond-expr","locations":[{"start":{"line":89,"column":6},"end":{"line":92,"column":null}},{"start":{"line":93,"column":6},"end":{"line":93,"column":null}}],"line":88},"9":{"loc":{"start":{"line":97,"column":9},"end":{"line":97,"column":null}},"type":"binary-expr","locations":[{"start":{"line":97,"column":9},"end":{"line":97,"column":31}},{"start":{"line":97,"column":31},"end":{"line":97,"column":55}},{"start":{"line":97,"column":55},"end":{"line":97,"column":85}},{"start":{"line":97,"column":85},"end":{"line":97,"column":117}},{"start":{"line":97,"column":117},"end":{"line":97,"column":null}}],"line":97},"10":{"loc":{"start":{"line":101,"column":9},"end":{"line":101,"column":null}},"type":"binary-expr","locations":[{"start":{"line":101,"column":9},"end":{"line":101,"column":34}},{"start":{"line":101,"column":34},"end":{"line":101,"column":61}},{"start":{"line":101,"column":61},"end":{"line":101,"column":null}}],"line":101},"11":{"loc":{"start":{"line":106,"column":4},"end":{"line":108,"column":null}},"type":"binary-expr","locations":[{"start":{"line":106,"column":4},"end":{"line":106,"column":null}},{"start":{"line":107,"column":4},"end":{"line":107,"column":null}},{"start":{"line":108,"column":4},"end":{"line":108,"column":null}}],"line":106},"12":{"loc":{"start":{"line":116,"column":14},"end":{"line":121,"column":null}},"type":"cond-expr","locations":[{"start":{"line":117,"column":8},"end":{"line":120,"column":null}},{"start":{"line":121,"column":8},"end":{"line":121,"column":null}}],"line":116},"13":{"loc":{"start":{"line":122,"column":17},"end":{"line":122,"column":null}},"type":"binary-expr","locations":[{"start":{"line":122,"column":17},"end":{"line":122,"column":51}},{"start":{"line":122,"column":51},"end":{"line":122,"column":null}}],"line":122},"14":{"loc":{"start":{"line":145,"column":2},"end":{"line":145,"column":null}},"type":"if","locations":[{"start":{"line":145,"column":2},"end":{"line":145,"column":null}},{"start":{},"end":{}}],"line":145},"15":{"loc":{"start":{"line":148,"column":4},"end":{"line":151,"column":null}},"type":"binary-expr","locations":[{"start":{"line":148,"column":4},"end":{"line":148,"column":null}},{"start":{"line":149,"column":4},"end":{"line":149,"column":null}},{"start":{"line":150,"column":4},"end":{"line":150,"column":null}},{"start":{"line":151,"column":4},"end":{"line":151,"column":null}}],"line":148},"16":{"loc":{"start":{"line":153,"column":9},"end":{"line":153,"column":null}},"type":"cond-expr","locations":[{"start":{"line":153,"column":22},"end":{"line":153,"column":40}},{"start":{"line":153,"column":40},"end":{"line":153,"column":null}}],"line":153},"17":{"loc":{"start":{"line":156,"column":66},"end":{"line":156,"column":82}},"type":"default-arg","locations":[{"start":{"line":156,"column":72},"end":{"line":156,"column":82}}],"line":156},"18":{"loc":{"start":{"line":160,"column":26},"end":{"line":164,"column":null}},"type":"cond-expr","locations":[{"start":{"line":161,"column":6},"end":{"line":161,"column":44}},{"start":{"line":162,"column":6},"end":{"line":164,"column":null}}],"line":160},"19":{"loc":{"start":{"line":162,"column":6},"end":{"line":164,"column":null}},"type":"cond-expr","locations":[{"start":{"line":163,"column":8},"end":{"line":163,"column":null}},{"start":{"line":164,"column":8},"end":{"line":164,"column":null}}],"line":162},"20":{"loc":{"start":{"line":232,"column":4},"end":{"line":232,"column":null}},"type":"if","locations":[{"start":{"line":232,"column":4},"end":{"line":232,"column":null}},{"start":{},"end":{}}],"line":232},"21":{"loc":{"start":{"line":235,"column":20},"end":{"line":235,"column":56}},"type":"binary-expr","locations":[{"start":{"line":235,"column":20},"end":{"line":235,"column":50}},{"start":{"line":235,"column":54},"end":{"line":235,"column":56}}],"line":235},"22":{"loc":{"start":{"line":243,"column":4},"end":{"line":243,"column":null}},"type":"if","locations":[{"start":{"line":243,"column":4},"end":{"line":243,"column":null}},{"start":{},"end":{}}],"line":243},"23":{"loc":{"start":{"line":244,"column":4},"end":{"line":244,"column":null}},"type":"if","locations":[{"start":{"line":244,"column":4},"end":{"line":244,"column":null}},{"start":{},"end":{}}],"line":244},"24":{"loc":{"start":{"line":244,"column":8},"end":{"line":244,"column":52}},"type":"binary-expr","locations":[{"start":{"line":244,"column":8},"end":{"line":244,"column":19}},{"start":{"line":244,"column":19},"end":{"line":244,"column":52}}],"line":244},"25":{"loc":{"start":{"line":246,"column":20},"end":{"line":246,"column":53}},"type":"binary-expr","locations":[{"start":{"line":246,"column":20},"end":{"line":246,"column":47}},{"start":{"line":246,"column":51},"end":{"line":246,"column":53}}],"line":246},"26":{"loc":{"start":{"line":256,"column":32},"end":{"line":256,"column":69}},"type":"binary-expr","locations":[{"start":{"line":256,"column":32},"end":{"line":256,"column":63}},{"start":{"line":256,"column":67},"end":{"line":256,"column":69}}],"line":256},"27":{"loc":{"start":{"line":257,"column":30},"end":{"line":257,"column":64}},"type":"binary-expr","locations":[{"start":{"line":257,"column":30},"end":{"line":257,"column":58}},{"start":{"line":257,"column":62},"end":{"line":257,"column":64}}],"line":257},"28":{"loc":{"start":{"line":258,"column":33},"end":{"line":263,"column":null}},"type":"cond-expr","locations":[{"start":{"line":259,"column":10},"end":{"line":262,"column":null}},{"start":{"line":263,"column":10},"end":{"line":263,"column":null}}],"line":258},"29":{"loc":{"start":{"line":259,"column":10},"end":{"line":262,"column":null}},"type":"binary-expr","locations":[{"start":{"line":259,"column":10},"end":{"line":261,"column":null}},{"start":{"line":262,"column":16},"end":{"line":262,"column":null}}],"line":259},"30":{"loc":{"start":{"line":260,"column":12},"end":{"line":261,"column":null}},"type":"binary-expr","locations":[{"start":{"line":260,"column":12},"end":{"line":260,"column":null}},{"start":{"line":261,"column":12},"end":{"line":261,"column":null}}],"line":260},"31":{"loc":{"start":{"line":264,"column":30},"end":{"line":264,"column":null}},"type":"binary-expr","locations":[{"start":{"line":264,"column":30},"end":{"line":264,"column":107}},{"start":{"line":264,"column":111},"end":{"line":264,"column":null}}],"line":264},"32":{"loc":{"start":{"line":267,"column":8},"end":{"line":270,"column":null}},"type":"binary-expr","locations":[{"start":{"line":267,"column":8},"end":{"line":267,"column":null}},{"start":{"line":268,"column":8},"end":{"line":268,"column":null}},{"start":{"line":269,"column":8},"end":{"line":269,"column":null}},{"start":{"line":270,"column":9},"end":{"line":270,"column":null}}],"line":267},"33":{"loc":{"start":{"line":270,"column":9},"end":{"line":270,"column":null}},"type":"cond-expr","locations":[{"start":{"line":270,"column":27},"end":{"line":270,"column":59}},{"start":{"line":270,"column":62},"end":{"line":270,"column":null}}],"line":270},"34":{"loc":{"start":{"line":282,"column":28},"end":{"line":282,"column":null}},"type":"binary-expr","locations":[{"start":{"line":282,"column":28},"end":{"line":282,"column":53}},{"start":{"line":282,"column":53},"end":{"line":282,"column":null}}],"line":282}},"s":{"0":1,"1":1,"2":72,"3":1,"4":20,"5":20,"6":20,"7":1,"8":16,"9":1,"10":11,"11":7,"12":4,"13":1,"14":3,"15":3,"16":1,"17":2,"18":1,"19":9,"20":1,"21":14,"22":1,"23":9,"24":1,"25":6,"26":1,"27":8,"28":8,"29":8,"30":8,"31":1,"32":4,"33":9,"34":3,"35":6,"36":9,"37":11,"38":11,"39":11,"40":11,"41":11,"42":11,"43":9,"44":9,"45":9,"46":9,"47":1,"48":8,"49":8,"50":9,"51":9,"52":9,"53":9,"54":6,"55":6,"56":1,"57":5,"58":1,"59":4,"60":6,"61":6,"62":9,"63":9,"64":1,"65":9,"66":1,"67":9,"68":5,"69":9,"70":8,"71":9,"72":9,"73":9},"f":{"0":72,"1":20,"2":16,"3":11,"4":9,"5":14,"6":9,"7":6,"8":8,"9":4,"10":9,"11":11,"12":9,"13":1,"14":1,"15":5,"16":8},"b":{"0":[7,4],"1":[11,11],"2":[1,3],"3":[1,2],"4":[3,3],"5":[14,1],"6":[14,1],"7":[14,1],"8":[13,1],"9":[9,9,9,1,1],"10":[6,2,1],"11":[8,2,1],"12":[7,1],"13":[8,2],"14":[3,6],"15":[6,4,2,2],"16":[1,5],"17":[11],"18":[7,2],"19":[1,1],"20":[1,8],"21":[8,7],"22":[1,5],"23":[1,4],"24":[5,4],"25":[4,3],"26":[9,2],"27":[9,6],"28":[7,2],"29":[7,4],"30":[5,3],"31":[9,5],"32":[9,6,3,3],"33":[2,1],"34":[9,5]},"meta":{"lastBranch":35,"lastFunction":17,"lastStatement":74,"seen":{"s:4:31:4:Infinity":0,"s:43:6:43:61":1,"f:43:6:43:13":0,"s:43:31:43:61":2,"s:45:6:48:Infinity":3,"f:45:6:45:23":1,"s:46:16:46:40":4,"s:47:15:47:Infinity":5,"s:48:2:48:Infinity":6,"s:51:6:52:Infinity":7,"f:51:6:51:22":2,"s:52:2:52:Infinity":8,"s:55:6:75:Infinity":9,"f:55:6:55:27":3,"b:56:2:57:Infinity:undefined:undefined:undefined:undefined":0,"s:56:2:57:Infinity":10,"b:56:6:56:20:56:20:56:43":1,"s:57:4:57:Infinity":11,"b:60:2:64:Infinity:undefined:undefined:undefined:undefined":2,"s:60:2:64:Infinity":12,"s:61:4:64:Infinity":13,"s:67:17:67:55":14,"b:68:2:72:Infinity:undefined:undefined:undefined:undefined":3,"s:68:2:72:Infinity":15,"b:68:6:68:36:68:40:68:93":4,"s:69:4:72:Infinity":16,"s:75:2:75:Infinity":17,"s:78:6:81:Infinity":18,"f:78:6:78:24":4,"s:78:45:81:Infinity":19,"s:83:6:94:Infinity":20,"f:83:6:83:25":5,"s:83:58:94:Infinity":21,"b:85:7:85:31:85:31:85:Infinity":5,"b:86:11:86:39:86:39:86:Infinity":6,"b:87:19:87:45:87:45:87:Infinity":7,"b:89:6:92:Infinity:93:6:93:Infinity":8,"s:96:6:97:Infinity":22,"f:96:6:96:30":6,"s:97:2:97:Infinity":23,"b:97:9:97:31:97:31:97:55:97:55:97:85:97:85:97:117:97:117:97:Infinity":9,"s:100:6:101:Infinity":24,"f:100:6:100:23":7,"s:101:2:101:Infinity":25,"b:101:9:101:34:101:34:101:61:101:61:101:Infinity":10,"s:104:6:128:Infinity":26,"f:104:6:104:30":8,"s:106:4:108:Infinity":27,"b:106:4:106:Infinity:107:4:107:Infinity:108:4:108:Infinity":11,"s:109:16:109:Infinity":28,"s:110:14:110:Infinity":29,"s:112:2:128:Infinity":30,"b:117:8:120:Infinity:121:8:121:Infinity":12,"b:122:17:122:51:122:51:122:Infinity":13,"s:131:6:137:Infinity":31,"f:131:6:131:32":9,"s:131:74:137:Infinity":32,"f:139:16:139:Infinity":10,"b:145:2:145:Infinity:undefined:undefined:undefined:undefined":14,"s:145:2:145:Infinity":33,"s:145:26:145:Infinity":34,"s:148:4:151:Infinity":35,"b:148:4:148:Infinity:149:4:149:Infinity:150:4:150:Infinity:151:4:151:Infinity":15,"s:153:2:153:Infinity":36,"b:153:22:153:40:153:40:153:Infinity":16,"f:156:22:156:46":11,"b:156:72:156:82":17,"s:157:15:157:48":37,"s:158:16:158:33":38,"s:159:18:159:Infinity":39,"s:160:26:164:Infinity":40,"b:161:6:161:44:162:6:164:Infinity":18,"b:163:8:163:Infinity:164:8:164:Infinity":19,"s:165:25:165:45":41,"s:167:43:227:4":42,"s:229:29:229:64":43,"s:230:2:237:Infinity":44,"s:231:19:231:52":45,"b:232:4:232:Infinity:undefined:undefined:undefined:undefined":20,"s:232:4:232:Infinity":46,"s:232:17:232:Infinity":47,"s:234:24:234:57":48,"s:235:20:235:56":49,"b:235:20:235:50:235:54:235:56":21,"s:236:4:236:Infinity":50,"s:237:4:237:Infinity":51,"s:240:26:240:70":52,"s:241:2:248:Infinity":53,"s:242:19:242:38":54,"b:243:4:243:Infinity:undefined:undefined:undefined:undefined":22,"s:243:4:243:Infinity":55,"s:243:17:243:Infinity":56,"b:244:4:244:Infinity:undefined:undefined:undefined:undefined":23,"s:244:4:244:Infinity":57,"b:244:8:244:19:244:19:244:52":24,"s:244:52:244:Infinity":58,"s:246:20:246:53":59,"b:246:20:246:47:246:51:246:53":25,"s:247:4:247:Infinity":60,"s:248:4:248:Infinity":61,"s:251:2:285:Infinity":62,"f:255:17:255:22":12,"s:256:12:256:108":63,"b:256:32:256:63:256:67:256:69":26,"f:256:71:256:77":13,"s:256:86:256:108":64,"s:257:12:257:103":65,"b:257:30:257:58:257:62:257:64":27,"f:257:66:257:72":14,"s:257:81:257:103":66,"s:258:33:263:Infinity":67,"b:259:10:262:Infinity:263:10:263:Infinity":28,"b:259:10:261:Infinity:262:16:262:Infinity":29,"f:259:27:259:33":15,"s:260:12:261:Infinity":68,"b:260:12:260:Infinity:261:12:261:Infinity":30,"s:264:30:264:Infinity":69,"b:264:30:264:107:264:111:264:Infinity":31,"f:264:47:264:53":16,"s:264:69:264:107":70,"s:265:21:265:110":71,"s:267:8:270:Infinity":72,"b:267:8:267:Infinity:268:8:268:Infinity:269:8:269:Infinity:270:9:270:Infinity":32,"b:270:27:270:59:270:62:270:Infinity":33,"s:272:6:283:Infinity":73,"b:282:28:282:53:282:53:282:Infinity":34}}}
,"C:\\Users\\DT User\\Desktop\\SIGrupa1\\PROJEKAT\\bolnicki-sistem\\server\\src\\lib\\__mocks__\\prisma.ts": {"path":"C:\\Users\\DT User\\Desktop\\SIGrupa1\\PROJEKAT\\bolnicki-sistem\\server\\src\\lib\\__mocks__\\prisma.ts","statementMap":{"0":{"start":{"line":7,"column":13},"end":{"line":7,"column":50}},"1":{"start":{"line":10,"column":22},"end":{"line":10,"column":null}},"2":{"start":{"line":12,"column":0},"end":{"line":14,"column":null}},"3":{"start":{"line":13,"column":2},"end":{"line":13,"column":null}}},"fnMap":{"0":{"name":"(anonymous_0)","decl":{"start":{"line":12,"column":0},"end":{"line":12,"column":17}},"loc":{"start":{"line":12,"column":17},"end":{"line":14,"column":null}},"line":12}},"branchMap":{},"s":{"0":1,"1":1,"2":1,"3":11},"f":{"0":11},"b":{},"meta":{"lastBranch":0,"lastFunction":1,"lastStatement":4,"seen":{"s:7:13:7:50":0,"s:10:22:10:Infinity":1,"s:12:0:14:Infinity":2,"f:12:0:12:17":0,"s:13:2:13:Infinity":3}}}
}
