<?xml version="1.0" encoding="UTF-8"?>
<coverage generated="1779544551091" clover="3.2.0">
  <project timestamp="1779544551092" name="All files">
    <metrics statements="88" coveredstatements="88" conditionals="87" coveredconditionals="80" methods="36" coveredmethods="34" elements="211" coveredelements="202" complexity="0" loc="88" ncloc="88" packages="1" files="1" classes="1"/>
    <file name="SekcijaZauzetostiKabineta.tsx" path="C:\Users\DT User\Desktop\SIGrupa1\PROJEKAT\bolnicki-sistem\client\src\components\SekcijaZauzetostiKabineta.tsx">
      <metrics statements="88" coveredstatements="88" conditionals="87" coveredconditionals="80" methods="36" coveredmethods="34"/>
      <line num="104" count="1" type="stmt"/>
      <line num="128" count="1" type="stmt"/>
      <line num="129" count="48" type="stmt"/>
      <line num="130" count="48" type="stmt"/>
      <line num="133" count="27" type="cond" truecount="1" falsecount="1"/>
      <line num="135" count="1" type="stmt"/>
      <line num="136" count="28" type="stmt"/>
      <line num="138" count="28" type="cond" truecount="5" falsecount="0"/>
      <line num="139" count="27" type="stmt"/>
      <line num="142" count="1" type="stmt"/>
      <line num="151" count="66" type="stmt"/>
      <line num="152" count="66" type="stmt"/>
      <line num="153" count="66" type="stmt"/>
      <line num="154" count="66" type="stmt"/>
      <line num="156" count="66" type="cond" truecount="1" falsecount="0"/>
      <line num="157" count="21" type="cond" truecount="2" falsecount="0"/>
      <line num="158" count="16" type="stmt"/>
      <line num="160" count="21" type="stmt"/>
      <line num="161" count="21" type="stmt"/>
      <line num="165" count="21" type="cond" truecount="2" falsecount="0"/>
      <line num="166" count="1" type="stmt"/>
      <line num="167" count="1" type="cond" truecount="1" falsecount="1"/>
      <line num="170" count="20" type="stmt"/>
      <line num="172" count="1" type="cond" truecount="1" falsecount="1"/>
      <line num="174" count="21" type="stmt"/>
      <line num="175" count="21" type="stmt"/>
      <line num="179" count="66" type="stmt"/>
      <line num="180" count="16" type="stmt"/>
      <line num="181" count="16" type="stmt"/>
      <line num="183" count="16" type="stmt"/>
      <line num="186" count="66" type="stmt"/>
      <line num="187" count="36" type="cond" truecount="2" falsecount="0"/>
      <line num="189" count="36" type="stmt"/>
      <line num="191" count="21" type="stmt"/>
      <line num="192" count="21" type="stmt"/>
      <line num="193" count="21" type="stmt"/>
      <line num="197" count="66" type="stmt"/>
      <line num="198" count="3" type="stmt"/>
      <line num="199" count="3" type="stmt"/>
      <line num="202" count="66" type="stmt"/>
      <line num="225" count="1" type="stmt"/>
      <line num="246" count="48" type="stmt"/>
      <line num="249" count="10" type="stmt"/>
      <line num="261" count="2" type="stmt"/>
      <line num="263" count="3" type="stmt"/>
      <line num="264" count="3" type="stmt"/>
      <line num="265" count="3" type="stmt"/>
      <line num="274" count="216" type="stmt"/>
      <line num="282" count="38" type="stmt"/>
      <line num="283" count="38" type="stmt"/>
      <line num="284" count="38" type="stmt"/>
      <line num="286" count="38" type="stmt"/>
      <line num="290" count="10" type="cond" truecount="1" falsecount="1"/>
      <line num="364" count="76" type="stmt"/>
      <line num="399" count="40" type="stmt"/>
      <line num="400" count="40" type="stmt"/>
      <line num="401" count="40" type="cond" truecount="2" falsecount="0"/>
      <line num="402" count="40" type="stmt"/>
      <line num="403" count="40" type="stmt"/>
      <line num="404" count="40" type="stmt"/>
      <line num="406" count="40" type="cond" truecount="2" falsecount="0"/>
      <line num="407" count="40" type="stmt"/>
      <line num="409" count="40" type="stmt"/>
      <line num="410" count="40" type="stmt"/>
      <line num="411" count="40" type="cond" truecount="2" falsecount="0"/>
      <line num="413" count="29" type="stmt"/>
      <line num="416" count="40" type="stmt"/>
      <line num="417" count="6" type="cond" truecount="3" falsecount="1"/>
      <line num="419" count="6" type="stmt"/>
      <line num="420" count="6" type="stmt"/>
      <line num="422" count="6" type="stmt"/>
      <line num="423" count="6" type="stmt"/>
      <line num="439" count="5" type="cond" truecount="2" falsecount="0"/>
      <line num="440" count="2" type="stmt"/>
      <line num="441" count="2" type="cond" truecount="2" falsecount="0"/>
      <line num="444" count="3" type="stmt"/>
      <line num="446" count="3" type="cond" truecount="2" falsecount="0"/>
      <line num="448" count="6" type="stmt"/>
      <line num="452" count="40" type="stmt"/>
      <line num="489" count="1" type="stmt"/>
      <line num="490" count="1" type="stmt"/>
      <line num="502" count="10" type="stmt"/>
      <line num="513" count="9" type="stmt"/>
      <line num="517" count="8" type="stmt"/>
      <line num="536" count="1" type="stmt"/>
      <line num="552" count="45" type="stmt"/>
      <line num="554" count="45" type="stmt"/>
      <line num="558" count="1" type="stmt"/>
    </file>
  </project>
</coverage>
