{"C:\\Users\\DT User\\Desktop\\SIGrupa1\\PROJEKAT\\bolnicki-sistem\\client\\src\\components\\SekcijaZauzetostiKabineta.tsx": {"path":"C:\\Users\\DT User\\Desktop\\SIGrupa1\\PROJEKAT\\bolnicki-sistem\\client\\src\\components\\SekcijaZauzetostiKabineta.tsx","statementMap":{"0":{"start":{"line":104,"column":5},"end":{"line":126,"column":null}},"1":{"start":{"line":128,"column":6},"end":{"line":131,"column":null}},"2":{"start":{"line":129,"column":29},"end":{"line":129,"column":null}},"3":{"start":{"line":130,"column":2},"end":{"line":130,"column":null}},"4":{"start":{"line":133,"column":6},"end":{"line":133,"column":null}},"5":{"start":{"line":133,"column":23},"end":{"line":133,"column":null}},"6":{"start":{"line":135,"column":6},"end":{"line":143,"column":null}},"7":{"start":{"line":136,"column":23},"end":{"line":136,"column":null}},"8":{"start":{"line":138,"column":2},"end":{"line":140,"column":null}},"9":{"start":{"line":139,"column":4},"end":{"line":139,"column":null}},"10":{"start":{"line":142,"column":2},"end":{"line":142,"column":null}},"11":{"start":{"line":151,"column":20},"end":{"line":151,"column":null}},"12":{"start":{"line":152,"column":18},"end":{"line":152,"column":null}},"13":{"start":{"line":153,"column":21},"end":{"line":153,"column":null}},"14":{"start":{"line":154,"column":23},"end":{"line":154,"column":null}},"15":{"start":{"line":156,"column":8},"end":{"line":177,"column":null}},"16":{"start":{"line":157,"column":4},"end":{"line":158,"column":null}},"17":{"start":{"line":157,"column":16},"end":{"line":157,"column":null}},"18":{"start":{"line":158,"column":9},"end":{"line":158,"column":null}},"19":{"start":{"line":160,"column":4},"end":{"line":176,"column":null}},"20":{"start":{"line":161,"column":18},"end":{"line":163,"column":null}},"21":{"start":{"line":165,"column":6},"end":{"line":168,"column":null}},"22":{"start":{"line":166,"column":22},"end":{"line":166,"column":null}},"23":{"start":{"line":166,"column":52},"end":{"line":166,"column":55}},"24":{"start":{"line":167,"column":8},"end":{"line":167,"column":null}},"25":{"start":{"line":170,"column":6},"end":{"line":170,"column":null}},"26":{"start":{"line":172,"column":6},"end":{"line":172,"column":null}},"27":{"start":{"line":174,"column":6},"end":{"line":174,"column":null}},"28":{"start":{"line":175,"column":6},"end":{"line":175,"column":null}},"29":{"start":{"line":179,"column":2},"end":{"line":184,"column":null}},"30":{"start":{"line":180,"column":4},"end":{"line":180,"column":null}},"31":{"start":{"line":181,"column":23},"end":{"line":181,"column":null}},"32":{"start":{"line":181,"column":48},"end":{"line":181,"column":70}},"33":{"start":{"line":183,"column":4},"end":{"line":183,"column":null}},"34":{"start":{"line":183,"column":17},"end":{"line":183,"column":null}},"35":{"start":{"line":186,"column":8},"end":{"line":195,"column":null}},"36":{"start":{"line":187,"column":18},"end":{"line":187,"column":null}},"37":{"start":{"line":189,"column":4},"end":{"line":194,"column":null}},"38":{"start":{"line":191,"column":35},"end":{"line":191,"column":61}},"39":{"start":{"line":192,"column":39},"end":{"line":192,"column":63}},"40":{"start":{"line":193,"column":35},"end":{"line":193,"column":66}},"41":{"start":{"line":197,"column":33},"end":{"line":200,"column":null}},"42":{"start":{"line":198,"column":4},"end":{"line":198,"column":null}},"43":{"start":{"line":199,"column":4},"end":{"line":199,"column":null}},"44":{"start":{"line":202,"column":2},"end":{"line":269,"column":null}},"45":{"start":{"line":225,"column":29},"end":{"line":225,"column":null}},"46":{"start":{"line":246,"column":14},"end":{"line":250,"column":null}},"47":{"start":{"line":249,"column":32},"end":{"line":249,"column":null}},"48":{"start":{"line":261,"column":25},"end":{"line":261,"column":null}},"49":{"start":{"line":263,"column":12},"end":{"line":263,"column":null}},"50":{"start":{"line":264,"column":12},"end":{"line":264,"column":null}},"51":{"start":{"line":265,"column":12},"end":{"line":265,"column":null}},"52":{"start":{"line":274,"column":2},"end":{"line":277,"column":null}},"53":{"start":{"line":282,"column":17},"end":{"line":282,"column":null}},"54":{"start":{"line":283,"column":21},"end":{"line":283,"column":null}},"55":{"start":{"line":284,"column":23},"end":{"line":284,"column":null}},"56":{"start":{"line":286,"column":2},"end":{"line":351,"column":null}},"57":{"start":{"line":290,"column":8},"end":{"line":290,"column":null}},"58":{"start":{"line":290,"column":26},"end":{"line":290,"column":null}},"59":{"start":{"line":364,"column":2},"end":{"line":382,"column":null}},"60":{"start":{"line":399,"column":17},"end":{"line":399,"column":null}},"61":{"start":{"line":400,"column":26},"end":{"line":400,"column":null}},"62":{"start":{"line":401,"column":25},"end":{"line":401,"column":null}},"63":{"start":{"line":402,"column":18},"end":{"line":402,"column":null}},"64":{"start":{"line":403,"column":21},"end":{"line":403,"column":null}},"65":{"start":{"line":404,"column":16},"end":{"line":404,"column":null}},"66":{"start":{"line":406,"column":23},"end":{"line":406,"column":null}},"67":{"start":{"line":406,"column":58},"end":{"line":406,"column":84}},"68":{"start":{"line":407,"column":23},"end":{"line":407,"column":null}},"69":{"start":{"line":407,"column":52},"end":{"line":407,"column":93}},"70":{"start":{"line":409,"column":27},"end":{"line":414,"column":null}},"71":{"start":{"line":410,"column":18},"end":{"line":410,"column":null}},"72":{"start":{"line":411,"column":4},"end":{"line":411,"column":null}},"73":{"start":{"line":411,"column":26},"end":{"line":411,"column":null}},"74":{"start":{"line":413,"column":4},"end":{"line":413,"column":null}},"75":{"start":{"line":416,"column":23},"end":{"line":450,"column":null}},"76":{"start":{"line":417,"column":4},"end":{"line":417,"column":null}},"77":{"start":{"line":417,"column":43},"end":{"line":417,"column":null}},"78":{"start":{"line":419,"column":4},"end":{"line":419,"column":null}},"79":{"start":{"line":420,"column":4},"end":{"line":420,"column":null}},"80":{"start":{"line":422,"column":4},"end":{"line":449,"column":null}},"81":{"start":{"line":423,"column":18},"end":{"line":437,"column":null}},"82":{"start":{"line":439,"column":6},"end":{"line":442,"column":null}},"83":{"start":{"line":440,"column":25},"end":{"line":440,"column":null}},"84":{"start":{"line":440,"column":55},"end":{"line":440,"column":58}},"85":{"start":{"line":441,"column":8},"end":{"line":441,"column":null}},"86":{"start":{"line":444,"column":6},"end":{"line":444,"column":null}},"87":{"start":{"line":446,"column":6},"end":{"line":446,"column":null}},"88":{"start":{"line":448,"column":6},"end":{"line":448,"column":null}},"89":{"start":{"line":452,"column":2},"end":{"line":607,"column":null}},"90":{"start":{"line":489,"column":22},"end":{"line":489,"column":null}},"91":{"start":{"line":490,"column":22},"end":{"line":490,"column":null}},"92":{"start":{"line":502,"column":43},"end":{"line":502,"column":null}},"93":{"start":{"line":513,"column":26},"end":{"line":523,"column":null}},"94":{"start":{"line":517,"column":43},"end":{"line":517,"column":null}},"95":{"start":{"line":536,"column":37},"end":{"line":536,"column":null}},"96":{"start":{"line":552,"column":35},"end":{"line":552,"column":null}},"97":{"start":{"line":554,"column":18},"end":{"line":567,"column":null}},"98":{"start":{"line":558,"column":37},"end":{"line":558,"column":null}}},"fnMap":{"0":{"name":"(anonymous_0)","decl":{"start":{"line":128,"column":6},"end":{"line":128,"column":20}},"loc":{"start":{"line":128,"column":38},"end":{"line":131,"column":null}},"line":128},"1":{"name":"(anonymous_1)","decl":{"start":{"line":133,"column":6},"end":{"line":133,"column":23}},"loc":{"start":{"line":133,"column":23},"end":{"line":133,"column":null}},"line":133},"2":{"name":"(anonymous_2)","decl":{"start":{"line":135,"column":6},"end":{"line":135,"column":39}},"loc":{"start":{"line":135,"column":61},"end":{"line":143,"column":null}},"line":135},"3":{"name":"SekcijaZauzetostiKabineta","decl":{"start":{"line":145,"column":24},"end":{"line":145,"column":50}},"loc":{"start":{"line":150,"column":10},"end":{"line":271,"column":null}},"line":150},"4":{"name":"(anonymous_4)","decl":{"start":{"line":156,"column":37},"end":{"line":156,"column":44}},"loc":{"start":{"line":156,"column":63},"end":{"line":177,"column":5}},"line":156},"5":{"name":"(anonymous_5)","decl":{"start":{"line":166,"column":39},"end":{"line":166,"column":52}},"loc":{"start":{"line":166,"column":52},"end":{"line":166,"column":55}},"line":166},"6":{"name":"(anonymous_6)","decl":{"start":{"line":179,"column":2},"end":{"line":179,"column":18}},"loc":{"start":{"line":179,"column":18},"end":{"line":184,"column":5}},"line":179},"7":{"name":"(anonymous_7)","decl":{"start":{"line":181,"column":30},"end":{"line":181,"column":48}},"loc":{"start":{"line":181,"column":48},"end":{"line":181,"column":70}},"line":181},"8":{"name":"(anonymous_8)","decl":{"start":{"line":183,"column":4},"end":{"line":183,"column":17}},"loc":{"start":{"line":183,"column":17},"end":{"line":183,"column":null}},"line":183},"9":{"name":"(anonymous_9)","decl":{"start":{"line":186,"column":16},"end":{"line":186,"column":30}},"loc":{"start":{"line":186,"column":30},"end":{"line":195,"column":5}},"line":186},"10":{"name":"(anonymous_10)","decl":{"start":{"line":191,"column":18},"end":{"line":191,"column":26}},"loc":{"start":{"line":191,"column":35},"end":{"line":191,"column":61}},"line":191},"11":{"name":"(anonymous_11)","decl":{"start":{"line":192,"column":22},"end":{"line":192,"column":30}},"loc":{"start":{"line":192,"column":39},"end":{"line":192,"column":63}},"line":192},"12":{"name":"(anonymous_12)","decl":{"start":{"line":193,"column":18},"end":{"line":193,"column":26}},"loc":{"start":{"line":193,"column":35},"end":{"line":193,"column":66}},"line":193},"13":{"name":"(anonymous_13)","decl":{"start":{"line":197,"column":33},"end":{"line":197,"column":45}},"loc":{"start":{"line":197,"column":45},"end":{"line":200,"column":null}},"line":197},"14":{"name":"(anonymous_14)","decl":{"start":{"line":225,"column":14},"end":{"line":225,"column":29}},"loc":{"start":{"line":225,"column":29},"end":{"line":225,"column":null}},"line":225},"15":{"name":"(anonymous_15)","decl":{"start":{"line":245,"column":30},"end":{"line":245,"column":35}},"loc":{"start":{"line":246,"column":14},"end":{"line":250,"column":null}},"line":246},"16":{"name":"(anonymous_16)","decl":{"start":{"line":249,"column":16},"end":{"line":249,"column":32}},"loc":{"start":{"line":249,"column":32},"end":{"line":249,"column":null}},"line":249},"17":{"name":"(anonymous_17)","decl":{"start":{"line":261,"column":10},"end":{"line":261,"column":25}},"loc":{"start":{"line":261,"column":25},"end":{"line":261,"column":null}},"line":261},"18":{"name":"(anonymous_18)","decl":{"start":{"line":262,"column":22},"end":{"line":262,"column":34}},"loc":{"start":{"line":262,"column":34},"end":{"line":266,"column":null}},"line":262},"19":{"name":"StatistikaZauzetosti","decl":{"start":{"line":273,"column":9},"end":{"line":273,"column":30}},"loc":{"start":{"line":273,"column":112},"end":{"line":279,"column":null}},"line":273},"20":{"name":"KarticaSobe","decl":{"start":{"line":281,"column":9},"end":{"line":281,"column":21}},"loc":{"start":{"line":281,"column":88},"end":{"line":353,"column":null}},"line":281},"21":{"name":"(anonymous_21)","decl":{"start":{"line":289,"column":6},"end":{"line":289,"column":21}},"loc":{"start":{"line":289,"column":21},"end":{"line":291,"column":null}},"line":289},"22":{"name":"LinijaTerminaSobe","decl":{"start":{"line":355,"column":9},"end":{"line":355,"column":27}},"loc":{"start":{"line":363,"column":3},"end":{"line":384,"column":null}},"line":363},"23":{"name":"ModalDodjeleHitnogSlucaja","decl":{"start":{"line":386,"column":9},"end":{"line":386,"column":35}},"loc":{"start":{"line":398,"column":3},"end":{"line":609,"column":null}},"line":398},"24":{"name":"(anonymous_24)","decl":{"start":{"line":406,"column":43},"end":{"line":406,"column":49}},"loc":{"start":{"line":406,"column":58},"end":{"line":406,"column":84}},"line":406},"25":{"name":"(anonymous_25)","decl":{"start":{"line":407,"column":38},"end":{"line":407,"column":44}},"loc":{"start":{"line":407,"column":52},"end":{"line":407,"column":93}},"line":407},"26":{"name":"(anonymous_26)","decl":{"start":{"line":409,"column":39},"end":{"line":409,"column":47}},"loc":{"start":{"line":409,"column":59},"end":{"line":414,"column":3}},"line":409},"27":{"name":"(anonymous_27)","decl":{"start":{"line":416,"column":23},"end":{"line":416,"column":35}},"loc":{"start":{"line":416,"column":35},"end":{"line":450,"column":null}},"line":416},"28":{"name":"(anonymous_28)","decl":{"start":{"line":440,"column":42},"end":{"line":440,"column":55}},"loc":{"start":{"line":440,"column":55},"end":{"line":440,"column":58}},"line":440},"29":{"name":"(anonymous_29)","decl":{"start":{"line":488,"column":20},"end":{"line":488,"column":35}},"loc":{"start":{"line":488,"column":35},"end":{"line":491,"column":null}},"line":488},"30":{"name":"(anonymous_30)","decl":{"start":{"line":502,"column":22},"end":{"line":502,"column":33}},"loc":{"start":{"line":502,"column":43},"end":{"line":502,"column":null}},"line":502},"31":{"name":"(anonymous_31)","decl":{"start":{"line":512,"column":41},"end":{"line":512,"column":46}},"loc":{"start":{"line":513,"column":26},"end":{"line":523,"column":null}},"line":513},"32":{"name":"(anonymous_32)","decl":{"start":{"line":517,"column":28},"end":{"line":517,"column":43}},"loc":{"start":{"line":517,"column":43},"end":{"line":517,"column":null}},"line":517},"33":{"name":"(anonymous_33)","decl":{"start":{"line":536,"column":16},"end":{"line":536,"column":27}},"loc":{"start":{"line":536,"column":37},"end":{"line":536,"column":null}},"line":536},"34":{"name":"(anonymous_34)","decl":{"start":{"line":551,"column":37},"end":{"line":551,"column":42}},"loc":{"start":{"line":551,"column":51},"end":{"line":569,"column":17}},"line":551},"35":{"name":"(anonymous_35)","decl":{"start":{"line":558,"column":22},"end":{"line":558,"column":37}},"loc":{"start":{"line":558,"column":37},"end":{"line":558,"column":null}},"line":558}},"branchMap":{"0":{"loc":{"start":{"line":133,"column":23},"end":{"line":133,"column":null}},"type":"binary-expr","locations":[{"start":{"line":133,"column":23},"end":{"line":133,"column":56}},{"start":{"line":133,"column":56},"end":{"line":133,"column":null}}],"line":133},"1":{"loc":{"start":{"line":138,"column":2},"end":{"line":140,"column":null}},"type":"if","locations":[{"start":{"line":138,"column":2},"end":{"line":140,"column":null}},{"start":{},"end":{}}],"line":138},"2":{"loc":{"start":{"line":138,"column":6},"end":{"line":138,"column":80}},"type":"binary-expr","locations":[{"start":{"line":138,"column":6},"end":{"line":138,"column":22}},{"start":{"line":138,"column":22},"end":{"line":138,"column":51}},{"start":{"line":138,"column":51},"end":{"line":138,"column":80}}],"line":138},"3":{"loc":{"start":{"line":156,"column":44},"end":{"line":156,"column":63}},"type":"default-arg","locations":[{"start":{"line":156,"column":53},"end":{"line":156,"column":63}}],"line":156},"4":{"loc":{"start":{"line":157,"column":4},"end":{"line":158,"column":null}},"type":"if","locations":[{"start":{"line":157,"column":4},"end":{"line":158,"column":null}},{"start":{"line":158,"column":9},"end":{"line":158,"column":null}}],"line":157},"5":{"loc":{"start":{"line":165,"column":6},"end":{"line":168,"column":null}},"type":"if","locations":[{"start":{"line":165,"column":6},"end":{"line":168,"column":null}},{"start":{},"end":{}}],"line":165},"6":{"loc":{"start":{"line":167,"column":24},"end":{"line":167,"column":84}},"type":"binary-expr","locations":[{"start":{"line":167,"column":24},"end":{"line":167,"column":40}},{"start":{"line":167,"column":40},"end":{"line":167,"column":84}}],"line":167},"7":{"loc":{"start":{"line":172,"column":15},"end":{"line":172,"column":74}},"type":"binary-expr","locations":[{"start":{"line":172,"column":15},"end":{"line":172,"column":30}},{"start":{"line":172,"column":30},"end":{"line":172,"column":74}}],"line":172},"8":{"loc":{"start":{"line":187,"column":18},"end":{"line":187,"column":null}},"type":"binary-expr","locations":[{"start":{"line":187,"column":18},"end":{"line":187,"column":38}},{"start":{"line":187,"column":38},"end":{"line":187,"column":null}}],"line":187},"9":{"loc":{"start":{"line":213,"column":17},"end":{"line":213,"column":null}},"type":"cond-expr","locations":[{"start":{"line":213,"column":29},"end":{"line":213,"column":75}},{"start":{"line":213,"column":75},"end":{"line":213,"column":null}}],"line":213},"10":{"loc":{"start":{"line":229,"column":46},"end":{"line":229,"column":81}},"type":"cond-expr","locations":[{"start":{"line":229,"column":59},"end":{"line":229,"column":76}},{"start":{"line":229,"column":76},"end":{"line":229,"column":81}}],"line":229},"11":{"loc":{"start":{"line":234,"column":9},"end":{"line":254,"column":null}},"type":"cond-expr","locations":[{"start":{"line":235,"column":10},"end":{"line":239,"column":23}},{"start":{"line":239,"column":12},"end":{"line":254,"column":null}}],"line":234},"12":{"loc":{"start":{"line":239,"column":12},"end":{"line":254,"column":null}},"type":"cond-expr","locations":[{"start":{"line":240,"column":10},"end":{"line":244,"column":11}},{"start":{"line":244,"column":10},"end":{"line":254,"column":null}}],"line":239},"13":{"loc":{"start":{"line":256,"column":7},"end":{"line":269,"column":null}},"type":"binary-expr","locations":[{"start":{"line":256,"column":7},"end":{"line":256,"column":null}},{"start":{"line":257,"column":8},"end":{"line":269,"column":null}}],"line":256},"14":{"loc":{"start":{"line":290,"column":8},"end":{"line":290,"column":null}},"type":"if","locations":[{"start":{"line":290,"column":8},"end":{"line":290,"column":null}},{"start":{},"end":{}}],"line":290},"15":{"loc":{"start":{"line":294,"column":8},"end":{"line":294,"column":null}},"type":"cond-expr","locations":[{"start":{"line":294,"column":23},"end":{"line":294,"column":58}},{"start":{"line":294,"column":58},"end":{"line":294,"column":null}}],"line":294},"16":{"loc":{"start":{"line":296,"column":13},"end":{"line":296,"column":null}},"type":"cond-expr","locations":[{"start":{"line":296,"column":28},"end":{"line":296,"column":54}},{"start":{"line":296,"column":54},"end":{"line":296,"column":null}}],"line":296},"17":{"loc":{"start":{"line":318,"column":11},"end":{"line":320,"column":null}},"type":"cond-expr","locations":[{"start":{"line":319,"column":14},"end":{"line":319,"column":null}},{"start":{"line":320,"column":14},"end":{"line":320,"column":null}}],"line":318},"18":{"loc":{"start":{"line":322,"column":9},"end":{"line":323,"column":null}},"type":"binary-expr","locations":[{"start":{"line":322,"column":9},"end":{"line":322,"column":null}},{"start":{"line":323,"column":10},"end":{"line":323,"column":null}}],"line":322},"19":{"loc":{"start":{"line":340,"column":9},"end":{"line":348,"column":null}},"type":"cond-expr","locations":[{"start":{"line":341,"column":10},"end":{"line":346,"column":11}},{"start":{"line":346,"column":10},"end":{"line":348,"column":null}}],"line":340},"20":{"loc":{"start":{"line":367,"column":7},"end":{"line":382,"column":null}},"type":"cond-expr","locations":[{"start":{"line":368,"column":8},"end":{"line":380,"column":9}},{"start":{"line":380,"column":8},"end":{"line":382,"column":null}}],"line":367},"21":{"loc":{"start":{"line":371,"column":13},"end":{"line":371,"column":null}},"type":"binary-expr","locations":[{"start":{"line":371,"column":13},"end":{"line":371,"column":36}},{"start":{"line":371,"column":36},"end":{"line":371,"column":null}}],"line":371},"22":{"loc":{"start":{"line":374,"column":13},"end":{"line":376,"column":null}},"type":"cond-expr","locations":[{"start":{"line":375,"column":16},"end":{"line":375,"column":null}},{"start":{"line":376,"column":16},"end":{"line":376,"column":null}}],"line":374},"23":{"loc":{"start":{"line":376,"column":16},"end":{"line":376,"column":null}},"type":"binary-expr","locations":[{"start":{"line":376,"column":16},"end":{"line":376,"column":43}},{"start":{"line":376,"column":43},"end":{"line":376,"column":null}}],"line":376},"24":{"loc":{"start":{"line":401,"column":70},"end":{"line":401,"column":104}},"type":"binary-expr","locations":[{"start":{"line":401,"column":70},"end":{"line":401,"column":100}},{"start":{"line":401,"column":100},"end":{"line":401,"column":104}}],"line":401},"25":{"loc":{"start":{"line":406,"column":23},"end":{"line":406,"column":null}},"type":"binary-expr","locations":[{"start":{"line":406,"column":23},"end":{"line":406,"column":89}},{"start":{"line":406,"column":89},"end":{"line":406,"column":null}}],"line":406},"26":{"loc":{"start":{"line":411,"column":4},"end":{"line":411,"column":null}},"type":"if","locations":[{"start":{"line":411,"column":4},"end":{"line":411,"column":null}},{"start":{},"end":{}}],"line":411},"27":{"loc":{"start":{"line":417,"column":4},"end":{"line":417,"column":null}},"type":"if","locations":[{"start":{"line":417,"column":4},"end":{"line":417,"column":null}},{"start":{},"end":{}}],"line":417},"28":{"loc":{"start":{"line":417,"column":8},"end":{"line":417,"column":43}},"type":"binary-expr","locations":[{"start":{"line":417,"column":8},"end":{"line":417,"column":28}},{"start":{"line":417,"column":28},"end":{"line":417,"column":43}}],"line":417},"29":{"loc":{"start":{"line":434,"column":20},"end":{"line":434,"column":null}},"type":"binary-expr","locations":[{"start":{"line":434,"column":20},"end":{"line":434,"column":38}},{"start":{"line":434,"column":38},"end":{"line":434,"column":null}}],"line":434},"30":{"loc":{"start":{"line":439,"column":6},"end":{"line":442,"column":null}},"type":"if","locations":[{"start":{"line":439,"column":6},"end":{"line":442,"column":null}},{"start":{},"end":{}}],"line":439},"31":{"loc":{"start":{"line":441,"column":24},"end":{"line":441,"column":81}},"type":"binary-expr","locations":[{"start":{"line":441,"column":24},"end":{"line":441,"column":43}},{"start":{"line":441,"column":43},"end":{"line":441,"column":81}}],"line":441},"32":{"loc":{"start":{"line":446,"column":15},"end":{"line":446,"column":68}},"type":"binary-expr","locations":[{"start":{"line":446,"column":15},"end":{"line":446,"column":30}},{"start":{"line":446,"column":30},"end":{"line":446,"column":68}}],"line":446},"33":{"loc":{"start":{"line":460,"column":15},"end":{"line":460,"column":null}},"type":"cond-expr","locations":[{"start":{"line":460,"column":30},"end":{"line":460,"column":130}},{"start":{"line":460,"column":130},"end":{"line":460,"column":null}}],"line":460},"34":{"loc":{"start":{"line":477,"column":15},"end":{"line":530,"column":null}},"type":"cond-expr","locations":[{"start":{"line":478,"column":16},"end":{"line":497,"column":null}},{"start":{"line":497,"column":16},"end":{"line":530,"column":null}}],"line":477},"35":{"loc":{"start":{"line":507,"column":19},"end":{"line":528,"column":null}},"type":"binary-expr","locations":[{"start":{"line":507,"column":19},"end":{"line":507,"column":null}},{"start":{"line":508,"column":20},"end":{"line":528,"column":null}}],"line":507},"36":{"loc":{"start":{"line":509,"column":23},"end":{"line":524,"column":null}},"type":"cond-expr","locations":[{"start":{"line":510,"column":24},"end":{"line":512,"column":41}},{"start":{"line":512,"column":24},"end":{"line":524,"column":null}}],"line":509},"37":{"loc":{"start":{"line":545,"column":13},"end":{"line":570,"column":null}},"type":"cond-expr","locations":[{"start":{"line":546,"column":14},"end":{"line":550,"column":15}},{"start":{"line":550,"column":14},"end":{"line":570,"column":null}}],"line":545},"38":{"loc":{"start":{"line":560,"column":24},"end":{"line":562,"column":null}},"type":"cond-expr","locations":[{"start":{"line":561,"column":28},"end":{"line":561,"column":null}},{"start":{"line":562,"column":28},"end":{"line":562,"column":null}}],"line":560},"39":{"loc":{"start":{"line":573,"column":13},"end":{"line":577,"column":null}},"type":"binary-expr","locations":[{"start":{"line":573,"column":13},"end":{"line":573,"column":null}},{"start":{"line":574,"column":14},"end":{"line":577,"column":null}}],"line":573},"40":{"loc":{"start":{"line":582,"column":9},"end":{"line":585,"column":null}},"type":"binary-expr","locations":[{"start":{"line":582,"column":9},"end":{"line":582,"column":null}},{"start":{"line":583,"column":10},"end":{"line":585,"column":null}}],"line":582},"41":{"loc":{"start":{"line":599,"column":22},"end":{"line":599,"column":null}},"type":"binary-expr","locations":[{"start":{"line":599,"column":22},"end":{"line":599,"column":42}},{"start":{"line":599,"column":42},"end":{"line":599,"column":59}},{"start":{"line":599,"column":59},"end":{"line":599,"column":null}}],"line":599},"42":{"loc":{"start":{"line":602,"column":13},"end":{"line":602,"column":null}},"type":"cond-expr","locations":[{"start":{"line":602,"column":26},"end":{"line":602,"column":76}},{"start":{"line":602,"column":75},"end":{"line":602,"column":null}}],"line":602}},"s":{"0":1,"1":1,"2":48,"3":48,"4":1,"5":27,"6":1,"7":28,"8":28,"9":27,"10":1,"11":66,"12":66,"13":66,"14":66,"15":66,"16":21,"17":5,"18":16,"19":21,"20":21,"21":21,"22":1,"23":0,"24":1,"25":20,"26":1,"27":21,"28":21,"29":66,"30":16,"31":16,"32":1,"33":16,"34":16,"35":66,"36":36,"37":36,"38":21,"39":21,"40":21,"41":66,"42":3,"43":3,"44":66,"45":1,"46":48,"47":10,"48":2,"49":3,"50":3,"51":3,"52":216,"53":38,"54":38,"55":38,"56":38,"57":10,"58":10,"59":76,"60":40,"61":40,"62":40,"63":40,"64":40,"65":40,"66":40,"67":38,"68":40,"69":32,"70":40,"71":40,"72":40,"73":11,"74":29,"75":40,"76":6,"77":0,"78":6,"79":6,"80":6,"81":6,"82":5,"83":2,"84":0,"85":2,"86":3,"87":3,"88":6,"89":40,"90":1,"91":1,"92":10,"93":9,"94":8,"95":1,"96":45,"97":45,"98":1},"f":{"0":48,"1":27,"2":28,"3":66,"4":21,"5":0,"6":16,"7":1,"8":16,"9":36,"10":21,"11":21,"12":21,"13":3,"14":1,"15":48,"16":10,"17":2,"18":3,"19":216,"20":38,"21":10,"22":76,"23":40,"24":38,"25":32,"26":40,"27":6,"28":0,"29":1,"30":10,"31":9,"32":8,"33":1,"34":45,"35":1},"b":{"0":[27,0],"1":[27,1],"2":[28,28,28],"3":[21],"4":[5,16],"5":[1,20],"6":[1,0],"7":[1,0],"8":[36,16],"9":[48,18],"10":[5,61],"11":[16,50],"12":[2,48],"13":[66,10],"14":[10,0],"15":[32,6],"16":[32,6],"17":[38,0],"18":[38,38],"19":[32,6],"20":[43,33],"21":[43,1],"22":[41,2],"23":[2,1],"24":[40,4],"25":[40,4],"26":[11,29],"27":[0,6],"28":[6,6],"29":[6,0],"30":[2,3],"31":[2,1],"32":[3,1],"33":[36,4],"34":[19,21],"35":[21,10],"36":[1,9],"37":[4,36],"38":[36,9],"39":[40,32],"40":[40,3],"41":[40,19,18],"42":[6,34]},"meta":{"lastBranch":43,"lastFunction":36,"lastStatement":99,"seen":{"s:104:5:126:Infinity":0,"s:128:6:131:Infinity":1,"f:128:6:128:20":0,"s:129:29:129:Infinity":2,"s:130:2:130:Infinity":3,"s:133:6:133:Infinity":4,"f:133:6:133:23":1,"s:133:23:133:Infinity":5,"b:133:23:133:56:133:56:133:Infinity":0,"s:135:6:143:Infinity":6,"f:135:6:135:39":2,"s:136:23:136:Infinity":7,"b:138:2:140:Infinity:undefined:undefined:undefined:undefined":1,"s:138:2:140:Infinity":8,"b:138:6:138:22:138:22:138:51:138:51:138:80":2,"s:139:4:139:Infinity":9,"s:142:2:142:Infinity":10,"f:145:24:145:50":3,"s:151:20:151:Infinity":11,"s:152:18:152:Infinity":12,"s:153:21:153:Infinity":13,"s:154:23:154:Infinity":14,"s:156:8:177:Infinity":15,"f:156:37:156:44":4,"b:156:53:156:63":3,"b:157:4:158:Infinity:158:9:158:Infinity":4,"s:157:4:158:Infinity":16,"s:157:16:157:Infinity":17,"s:158:9:158:Infinity":18,"s:160:4:176:Infinity":19,"s:161:18:163:Infinity":20,"b:165:6:168:Infinity:undefined:undefined:undefined:undefined":5,"s:165:6:168:Infinity":21,"s:166:22:166:Infinity":22,"f:166:39:166:52":5,"s:166:52:166:55":23,"s:167:8:167:Infinity":24,"b:167:24:167:40:167:40:167:84":6,"s:170:6:170:Infinity":25,"s:172:6:172:Infinity":26,"b:172:15:172:30:172:30:172:74":7,"s:174:6:174:Infinity":27,"s:175:6:175:Infinity":28,"s:179:2:184:Infinity":29,"f:179:2:179:18":6,"s:180:4:180:Infinity":30,"s:181:23:181:Infinity":31,"f:181:30:181:48":7,"s:181:48:181:70":32,"s:183:4:183:Infinity":33,"f:183:4:183:17":8,"s:183:17:183:Infinity":34,"s:186:8:195:Infinity":35,"f:186:16:186:30":9,"s:187:18:187:Infinity":36,"b:187:18:187:38:187:38:187:Infinity":8,"s:189:4:194:Infinity":37,"f:191:18:191:26":10,"s:191:35:191:61":38,"f:192:22:192:30":11,"s:192:39:192:63":39,"f:193:18:193:26":12,"s:193:35:193:66":40,"s:197:33:200:Infinity":41,"f:197:33:197:45":13,"s:198:4:198:Infinity":42,"s:199:4:199:Infinity":43,"s:202:2:269:Infinity":44,"b:213:29:213:75:213:75:213:Infinity":9,"f:225:14:225:29":14,"s:225:29:225:Infinity":45,"b:229:59:229:76:229:76:229:81":10,"b:235:10:239:23:239:12:254:Infinity":11,"b:240:10:244:11:244:10:254:Infinity":12,"f:245:30:245:35":15,"s:246:14:250:Infinity":46,"f:249:16:249:32":16,"s:249:32:249:Infinity":47,"b:256:7:256:Infinity:257:8:269:Infinity":13,"f:261:10:261:25":17,"s:261:25:261:Infinity":48,"f:262:22:262:34":18,"s:263:12:263:Infinity":49,"s:264:12:264:Infinity":50,"s:265:12:265:Infinity":51,"f:273:9:273:30":19,"s:274:2:277:Infinity":52,"f:281:9:281:21":20,"s:282:17:282:Infinity":53,"s:283:21:283:Infinity":54,"s:284:23:284:Infinity":55,"s:286:2:351:Infinity":56,"f:289:6:289:21":21,"b:290:8:290:Infinity:undefined:undefined:undefined:undefined":14,"s:290:8:290:Infinity":57,"s:290:26:290:Infinity":58,"b:294:23:294:58:294:58:294:Infinity":15,"b:296:28:296:54:296:54:296:Infinity":16,"b:319:14:319:Infinity:320:14:320:Infinity":17,"b:322:9:322:Infinity:323:10:323:Infinity":18,"b:341:10:346:11:346:10:348:Infinity":19,"f:355:9:355:27":22,"s:364:2:382:Infinity":59,"b:368:8:380:9:380:8:382:Infinity":20,"b:371:13:371:36:371:36:371:Infinity":21,"b:375:16:375:Infinity:376:16:376:Infinity":22,"b:376:16:376:43:376:43:376:Infinity":23,"f:386:9:386:35":23,"s:399:17:399:Infinity":60,"s:400:26:400:Infinity":61,"s:401:25:401:Infinity":62,"b:401:70:401:100:401:100:401:104":24,"s:402:18:402:Infinity":63,"s:403:21:403:Infinity":64,"s:404:16:404:Infinity":65,"s:406:23:406:Infinity":66,"b:406:23:406:89:406:89:406:Infinity":25,"f:406:43:406:49":24,"s:406:58:406:84":67,"s:407:23:407:Infinity":68,"f:407:38:407:44":25,"s:407:52:407:93":69,"s:409:27:414:Infinity":70,"f:409:39:409:47":26,"s:410:18:410:Infinity":71,"b:411:4:411:Infinity:undefined:undefined:undefined:undefined":26,"s:411:4:411:Infinity":72,"s:411:26:411:Infinity":73,"s:413:4:413:Infinity":74,"s:416:23:450:Infinity":75,"f:416:23:416:35":27,"b:417:4:417:Infinity:undefined:undefined:undefined:undefined":27,"s:417:4:417:Infinity":76,"b:417:8:417:28:417:28:417:43":28,"s:417:43:417:Infinity":77,"s:419:4:419:Infinity":78,"s:420:4:420:Infinity":79,"s:422:4:449:Infinity":80,"s:423:18:437:Infinity":81,"b:434:20:434:38:434:38:434:Infinity":29,"b:439:6:442:Infinity:undefined:undefined:undefined:undefined":30,"s:439:6:442:Infinity":82,"s:440:25:440:Infinity":83,"f:440:42:440:55":28,"s:440:55:440:58":84,"s:441:8:441:Infinity":85,"b:441:24:441:43:441:43:441:81":31,"s:444:6:444:Infinity":86,"s:446:6:446:Infinity":87,"b:446:15:446:30:446:30:446:68":32,"s:448:6:448:Infinity":88,"s:452:2:607:Infinity":89,"b:460:30:460:130:460:130:460:Infinity":33,"b:478:16:497:Infinity:497:16:530:Infinity":34,"f:488:20:488:35":29,"s:489:22:489:Infinity":90,"s:490:22:490:Infinity":91,"f:502:22:502:33":30,"s:502:43:502:Infinity":92,"b:507:19:507:Infinity:508:20:528:Infinity":35,"b:510:24:512:41:512:24:524:Infinity":36,"f:512:41:512:46":31,"s:513:26:523:Infinity":93,"f:517:28:517:43":32,"s:517:43:517:Infinity":94,"f:536:16:536:27":33,"s:536:37:536:Infinity":95,"b:546:14:550:15:550:14:570:Infinity":37,"f:551:37:551:42":34,"s:552:35:552:Infinity":96,"s:554:18:567:Infinity":97,"f:558:22:558:37":35,"s:558:37:558:Infinity":98,"b:561:28:561:Infinity:562:28:562:Infinity":38,"b:573:13:573:Infinity:574:14:577:Infinity":39,"b:582:9:582:Infinity:583:10:585:Infinity":40,"b:599:22:599:42:599:42:599:59:599:59:599:Infinity":41,"b:602:26:602:76:602:75:602:Infinity":42}}}
}
